[ 2019-01-05T05:30:07+08:00 ] 127.0.0.1 127.0.0.1 GET /api/v1/product/5
[ log ] lh.zerg.com/api/v1/product/5 [运行时间：1.133065s][吞吐率：0.88req/s] [内存消耗：2,819.69kb] [文件加载：52]
[ sql ] [ DB ] CONNECT:[ UseTime:0.003000s ] mysql:dbname=zerg;host=lh.zerg.com;port=3306;charset=utf8
[ sql ] [ SQL ] SHOW COLUMNS FROM `product` [ RunTime:0.082005s ]
[ sql ] [ SQL ] SELECT * FROM `product` WHERE  `id` = 5 LIMIT 1 [ RunTime:0.002000s ]
[ sql ] [ SQL ] SHOW COLUMNS FROM `product_image` [ RunTime:0.065004s ]
[ sql ] [ SQL ] SELECT * FROM `product_image` WHERE  `product_id` = 5 ORDER BY `order`  asc [ RunTime:0.002000s ]
[ sql ] [ SQL ] SHOW COLUMNS FROM `product_property` [ RunTime:0.098006s ]
[ sql ] [ SQL ] SELECT * FROM `product_property` WHERE  `product_id` = 5 [ RunTime:0.002000s ]

---------------------------------------------------------------
[ 2019-01-05T05:50:37+08:00 ] 127.0.0.1 127.0.0.1 GET /api/v1/category/all
[ log ] lh.zerg.com/api/v1/category/all [运行时间：1.048059s][吞吐率：0.95req/s] [内存消耗：2,490.02kb] [文件加载：46]
[ sql ] [ DB ] CONNECT:[ UseTime:0.011001s ] mysql:dbname=zerg;host=lh.zerg.com;port=3306;charset=utf8
[ sql ] [ SQL ] SHOW COLUMNS FROM `category` [ RunTime:0.018001s ]
[ sql ] [ SQL ] SELECT * FROM `category` [ RunTime:0.019001s ]
[ sql ] [ SQL ] SHOW COLUMNS FROM `image` [ RunTime:0.016001s ]
[ sql ] [ SQL ] SELECT * FROM `image` WHERE  `id` IN (6,5,7,4,8,9) [ RunTime:0.004000s ]

---------------------------------------------------------------
[ 2019-01-05T05:50:39+08:00 ] 127.0.0.1 127.0.0.1 GET /api/v1/product/by_category?id=2
[ log ] lh.zerg.com/api/v1/product/by_category?id=2 [运行时间：0.604034s][吞吐率：1.66req/s] [内存消耗：2,614.84kb] [文件加载：45]
[ sql ] [ DB ] CONNECT:[ UseTime:0.004000s ] mysql:dbname=zerg;host=lh.zerg.com;port=3306;charset=utf8
[ sql ] [ SQL ] SHOW COLUMNS FROM `product` [ RunTime:0.017001s ]
[ sql ] [ SQL ] SELECT * FROM `product` WHERE  `category_id` = 2 [ RunTime:0.001000s ]

---------------------------------------------------------------
[ 2019-01-05T05:50:45+08:00 ] 127.0.0.1 127.0.0.1 GET /api/v1/product/5
[ log ] lh.zerg.com/api/v1/product/5 [运行时间：0.740043s][吞吐率：1.35req/s] [内存消耗：2,819.70kb] [文件加载：52]
[ sql ] [ DB ] CONNECT:[ UseTime:0.013001s ] mysql:dbname=zerg;host=lh.zerg.com;port=3306;charset=utf8
[ sql ] [ SQL ] SHOW COLUMNS FROM `product` [ RunTime:0.019001s ]
[ sql ] [ SQL ] SELECT * FROM `product` WHERE  `id` = 5 LIMIT 1 [ RunTime:0.001000s ]
[ sql ] [ SQL ] SHOW COLUMNS FROM `product_image` [ RunTime:0.017001s ]
[ sql ] [ SQL ] SELECT * FROM `product_image` WHERE  `product_id` = 5 ORDER BY `order`  asc [ RunTime:0.002000s ]
[ sql ] [ SQL ] SHOW COLUMNS FROM `product_property` [ RunTime:0.029001s ]
[ sql ] [ SQL ] SELECT * FROM `product_property` WHERE  `product_id` = 5 [ RunTime:0.004000s ]

---------------------------------------------------------------
[ 2019-01-05T05:54:46+08:00 ] 127.0.0.1 127.0.0.1 GET /api/v1/category/all
[ log ] lh.zerg.com/api/v1/category/all [运行时间：0.606034s][吞吐率：1.65req/s] [内存消耗：2,490.02kb] [文件加载：46]
[ sql ] [ DB ] CONNECT:[ UseTime:0.002000s ] mysql:dbname=zerg;host=lh.zerg.com;port=3306;charset=utf8
[ sql ] [ SQL ] SHOW COLUMNS FROM `category` [ RunTime:0.017001s ]
[ sql ] [ SQL ] SELECT * FROM `category` [ RunTime:0.001000s ]
[ sql ] [ SQL ] SHOW COLUMNS FROM `image` [ RunTime:0.018001s ]
[ sql ] [ SQL ] SELECT * FROM `image` WHERE  `id` IN (6,5,7,4,8,9) [ RunTime:0.001000s ]

---------------------------------------------------------------
[ 2019-01-05T05:54:47+08:00 ] 127.0.0.1 127.0.0.1 GET /api/v1/product/by_category?id=2
[ log ] lh.zerg.com/api/v1/product/by_category?id=2 [运行时间：0.555032s][吞吐率：1.80req/s] [内存消耗：2,614.84kb] [文件加载：45]
[ sql ] [ DB ] CONNECT:[ UseTime:0.003000s ] mysql:dbname=zerg;host=lh.zerg.com;port=3306;charset=utf8
[ sql ] [ SQL ] SHOW COLUMNS FROM `product` [ RunTime:0.017001s ]
[ sql ] [ SQL ] SELECT * FROM `product` WHERE  `category_id` = 2 [ RunTime:0.002000s ]

---------------------------------------------------------------
[ 2019-01-05T05:54:56+08:00 ] 127.0.0.1 127.0.0.1 GET /api/v1/product/11
[ log ] lh.zerg.com/api/v1/product/11 [运行时间：0.727041s][吞吐率：1.38req/s] [内存消耗：2,825.52kb] [文件加载：52]
[ sql ] [ DB ] CONNECT:[ UseTime:0.003000s ] mysql:dbname=zerg;host=lh.zerg.com;port=3306;charset=utf8
[ sql ] [ SQL ] SHOW COLUMNS FROM `product` [ RunTime:0.018001s ]
[ sql ] [ SQL ] SELECT * FROM `product` WHERE  `id` = 11 LIMIT 1 [ RunTime:0.002000s ]
[ sql ] [ SQL ] SHOW COLUMNS FROM `product_image` [ RunTime:0.022001s ]
[ sql ] [ SQL ] SELECT * FROM `product_image` WHERE  `product_id` = 11 ORDER BY `order`  asc [ RunTime:0.001000s ]
[ sql ] [ SQL ] SHOW COLUMNS FROM `image` [ RunTime:0.020001s ]
[ sql ] [ SQL ] SELECT * FROM `image` WHERE  `id` IN (19,20,21,22,23,24,25,26,27,29,28,62,63) [ RunTime:0.003000s ]
[ sql ] [ SQL ] SHOW COLUMNS FROM `product_property` [ RunTime:0.018001s ]
[ sql ] [ SQL ] SELECT * FROM `product_property` WHERE  `product_id` = 11 [ RunTime:0.002001s ]

---------------------------------------------------------------
[ 2019-01-05T05:55:44+08:00 ] 127.0.0.1 127.0.0.1 GET /api/v1/product/11
[ log ] lh.zerg.com/api/v1/product/11 [运行时间：0.918053s][吞吐率：1.09req/s] [内存消耗：2,825.52kb] [文件加载：52]
[ sql ] [ DB ] CONNECT:[ UseTime:0.083005s ] mysql:dbname=zerg;host=lh.zerg.com;port=3306;charset=utf8
[ sql ] [ SQL ] SHOW COLUMNS FROM `product` [ RunTime:0.078004s ]
[ sql ] [ SQL ] SELECT * FROM `product` WHERE  `id` = 11 LIMIT 1 [ RunTime:0.001000s ]
[ sql ] [ SQL ] SHOW COLUMNS FROM `product_image` [ RunTime:0.048003s ]
[ sql ] [ SQL ] SELECT * FROM `product_image` WHERE  `product_id` = 11 ORDER BY `order`  asc [ RunTime:0.003000s ]
[ sql ] [ SQL ] SHOW COLUMNS FROM `image` [ RunTime:0.018001s ]
[ sql ] [ SQL ] SELECT * FROM `image` WHERE  `id` IN (19,20,21,22,23,24,25,26,27,29,28,62,63) [ RunTime:0.002000s ]
[ sql ] [ SQL ] SHOW COLUMNS FROM `product_property` [ RunTime:0.017001s ]
[ sql ] [ SQL ] SELECT * FROM `product_property` WHERE  `product_id` = 11 [ RunTime:0.006001s ]

---------------------------------------------------------------
[ 2019-01-05T06:06:17+08:00 ] 127.0.0.1 127.0.0.1 GET /api/v1/product/11
[ log ] lh.zerg.com/api/v1/product/11 [运行时间：0.753043s][吞吐率：1.33req/s] [内存消耗：2,825.52kb] [文件加载：52]
[ sql ] [ DB ] CONNECT:[ UseTime:0.009001s ] mysql:dbname=zerg;host=lh.zerg.com;port=3306;charset=utf8
[ sql ] [ SQL ] SHOW COLUMNS FROM `product` [ RunTime:0.018001s ]
[ sql ] [ SQL ] SELECT * FROM `product` WHERE  `id` = 11 LIMIT 1 [ RunTime:0.002000s ]
[ sql ] [ SQL ] SHOW COLUMNS FROM `product_image` [ RunTime:0.021001s ]
[ sql ] [ SQL ] SELECT * FROM `product_image` WHERE  `product_id` = 11 ORDER BY `order`  asc [ RunTime:0.003000s ]
[ sql ] [ SQL ] SHOW COLUMNS FROM `image` [ RunTime:0.019001s ]
[ sql ] [ SQL ] SELECT * FROM `image` WHERE  `id` IN (19,20,21,22,23,24,25,26,27,29,28,62,63) [ RunTime:0.002000s ]
[ sql ] [ SQL ] SHOW COLUMNS FROM `product_property` [ RunTime:0.017001s ]
[ sql ] [ SQL ] SELECT * FROM `product_property` WHERE  `product_id` = 11 [ RunTime:0.001000s ]

---------------------------------------------------------------
[ 2019-01-05T06:09:01+08:00 ] 127.0.0.1 127.0.0.1 GET /api/v1/product/11
[ log ] lh.zerg.com/api/v1/product/11 [运行时间：0.786045s][吞吐率：1.27req/s] [内存消耗：2,825.52kb] [文件加载：52]
[ sql ] [ DB ] CONNECT:[ UseTime:0.004000s ] mysql:dbname=zerg;host=lh.zerg.com;port=3306;charset=utf8
[ sql ] [ SQL ] SHOW COLUMNS FROM `product` [ RunTime:0.017001s ]
[ sql ] [ SQL ] SELECT * FROM `product` WHERE  `id` = 11 LIMIT 1 [ RunTime:0.001000s ]
[ sql ] [ SQL ] SHOW COLUMNS FROM `product_image` [ RunTime:0.021001s ]
[ sql ] [ SQL ] SELECT * FROM `product_image` WHERE  `product_id` = 11 ORDER BY `order`  asc [ RunTime:0.001000s ]
[ sql ] [ SQL ] SHOW COLUMNS FROM `image` [ RunTime:0.017001s ]
[ sql ] [ SQL ] SELECT * FROM `image` WHERE  `id` IN (19,20,21,22,23,24,25,26,27,29,28,62,63) [ RunTime:0.002000s ]
[ sql ] [ SQL ] SHOW COLUMNS FROM `product_property` [ RunTime:0.056004s ]
[ sql ] [ SQL ] SELECT * FROM `product_property` WHERE  `product_id` = 11 [ RunTime:0.001000s ]

---------------------------------------------------------------
[ 2019-01-05T08:45:04+08:00 ] 127.0.0.1 127.0.0.1 GET /api/v1/product/11
[ log ] lh.zerg.com/api/v1/product/11 [运行时间：0.765044s][吞吐率：1.31req/s] [内存消耗：2,825.52kb] [文件加载：52]
[ sql ] [ DB ] CONNECT:[ UseTime:0.055003s ] mysql:dbname=zerg;host=lh.zerg.com;port=3306;charset=utf8
[ sql ] [ SQL ] SHOW COLUMNS FROM `product` [ RunTime:0.018001s ]
[ sql ] [ SQL ] SELECT * FROM `product` WHERE  `id` = 11 LIMIT 1 [ RunTime:0.001000s ]
[ sql ] [ SQL ] SHOW COLUMNS FROM `product_image` [ RunTime:0.021001s ]
[ sql ] [ SQL ] SELECT * FROM `product_image` WHERE  `product_id` = 11 ORDER BY `order`  asc [ RunTime:0.001000s ]
[ sql ] [ SQL ] SHOW COLUMNS FROM `image` [ RunTime:0.018002s ]
[ sql ] [ SQL ] SELECT * FROM `image` WHERE  `id` IN (19,20,21,22,23,24,25,26,27,29,28,62,63) [ RunTime:0.001000s ]
[ sql ] [ SQL ] SHOW COLUMNS FROM `product_property` [ RunTime:0.018001s ]
[ sql ] [ SQL ] SELECT * FROM `product_property` WHERE  `product_id` = 11 [ RunTime:0.001001s ]

---------------------------------------------------------------
[ 2019-01-05T08:47:56+08:00 ] 127.0.0.1 127.0.0.1 GET /api/v1/product/11
[ log ] lh.zerg.com/api/v1/product/11 [运行时间：0.884051s][吞吐率：1.13req/s] [内存消耗：2,825.52kb] [文件加载：52]
[ sql ] [ DB ] CONNECT:[ UseTime:0.091005s ] mysql:dbname=zerg;host=lh.zerg.com;port=3306;charset=utf8
[ sql ] [ SQL ] SHOW COLUMNS FROM `product` [ RunTime:0.026002s ]
[ sql ] [ SQL ] SELECT * FROM `product` WHERE  `id` = 11 LIMIT 1 [ RunTime:0.002000s ]
[ sql ] [ SQL ] SHOW COLUMNS FROM `product_image` [ RunTime:0.035002s ]
[ sql ] [ SQL ] SELECT * FROM `product_image` WHERE  `product_id` = 11 ORDER BY `order`  asc [ RunTime:0.001000s ]
[ sql ] [ SQL ] SHOW COLUMNS FROM `image` [ RunTime:0.017001s ]
[ sql ] [ SQL ] SELECT * FROM `image` WHERE  `id` IN (19,20,21,22,23,24,25,26,27,29,28,62,63) [ RunTime:0.002000s ]
[ sql ] [ SQL ] SHOW COLUMNS FROM `product_property` [ RunTime:0.017001s ]
[ sql ] [ SQL ] SELECT * FROM `product_property` WHERE  `product_id` = 11 [ RunTime:0.001000s ]

---------------------------------------------------------------
[ 2019-01-05T09:13:13+08:00 ] 127.0.0.1 127.0.0.1 GET /api/v1/product/11
[ log ] lh.zerg.com/api/v1/product/11 [运行时间：0.841048s][吞吐率：1.19req/s] [内存消耗：2,825.52kb] [文件加载：52]
[ sql ] [ DB ] CONNECT:[ UseTime:0.018001s ] mysql:dbname=zerg;host=lh.zerg.com;port=3306;charset=utf8
[ sql ] [ SQL ] SHOW COLUMNS FROM `product` [ RunTime:0.017001s ]
[ sql ] [ SQL ] SELECT * FROM `product` WHERE  `id` = 11 LIMIT 1 [ RunTime:0.003000s ]
[ sql ] [ SQL ] SHOW COLUMNS FROM `product_image` [ RunTime:0.039002s ]
[ sql ] [ SQL ] SELECT * FROM `product_image` WHERE  `product_id` = 11 ORDER BY `order`  asc [ RunTime:0.003001s ]
[ sql ] [ SQL ] SHOW COLUMNS FROM `image` [ RunTime:0.046003s ]
[ sql ] [ SQL ] SELECT * FROM `image` WHERE  `id` IN (19,20,21,22,23,24,25,26,27,29,28,62,63) [ RunTime:0.002000s ]
[ sql ] [ SQL ] SHOW COLUMNS FROM `product_property` [ RunTime:0.033002s ]
[ sql ] [ SQL ] SELECT * FROM `product_property` WHERE  `product_id` = 11 [ RunTime:0.003000s ]

---------------------------------------------------------------
[ 2019-01-05T09:17:57+08:00 ] 127.0.0.1 127.0.0.1 GET /api/v1/product/11
[ log ] lh.zerg.com/api/v1/product/11 [运行时间：1.044060s][吞吐率：0.96req/s] [内存消耗：2,825.52kb] [文件加载：52]
[ sql ] [ DB ] CONNECT:[ UseTime:0.003001s ] mysql:dbname=zerg;host=lh.zerg.com;port=3306;charset=utf8
[ sql ] [ SQL ] SHOW COLUMNS FROM `product` [ RunTime:0.020001s ]
[ sql ] [ SQL ] SELECT * FROM `product` WHERE  `id` = 11 LIMIT 1 [ RunTime:0.001000s ]
[ sql ] [ SQL ] SHOW COLUMNS FROM `product_image` [ RunTime:0.017001s ]
[ sql ] [ SQL ] SELECT * FROM `product_image` WHERE  `product_id` = 11 ORDER BY `order`  asc [ RunTime:0.002000s ]
[ sql ] [ SQL ] SHOW COLUMNS FROM `image` [ RunTime:0.025001s ]
[ sql ] [ SQL ] SELECT * FROM `image` WHERE  `id` IN (19,20,21,22,23,24,25,26,27,29,28,62,63) [ RunTime:0.002000s ]
[ sql ] [ SQL ] SHOW COLUMNS FROM `product_property` [ RunTime:0.017001s ]
[ sql ] [ SQL ] SELECT * FROM `product_property` WHERE  `product_id` = 11 [ RunTime:0.002000s ]

---------------------------------------------------------------
[ 2019-01-05T09:22:35+08:00 ] 127.0.0.1 127.0.0.1 GET /api/v1/product/11
[ log ] lh.zerg.com/api/v1/product/11 [运行时间：0.882050s][吞吐率：1.13req/s] [内存消耗：2,825.52kb] [文件加载：52]
[ sql ] [ DB ] CONNECT:[ UseTime:0.096005s ] mysql:dbname=zerg;host=lh.zerg.com;port=3306;charset=utf8
[ sql ] [ SQL ] SHOW COLUMNS FROM `product` [ RunTime:0.019001s ]
[ sql ] [ SQL ] SELECT * FROM `product` WHERE  `id` = 11 LIMIT 1 [ RunTime:0.001000s ]
[ sql ] [ SQL ] SHOW COLUMNS FROM `product_image` [ RunTime:0.017001s ]
[ sql ] [ SQL ] SELECT * FROM `product_image` WHERE  `product_id` = 11 ORDER BY `order`  asc [ RunTime:0.001000s ]
[ sql ] [ SQL ] SHOW COLUMNS FROM `image` [ RunTime:0.017001s ]
[ sql ] [ SQL ] SELECT * FROM `image` WHERE  `id` IN (19,20,21,22,23,24,25,26,27,29,28,62,63) [ RunTime:0.002000s ]
[ sql ] [ SQL ] SHOW COLUMNS FROM `product_property` [ RunTime:0.019001s ]
[ sql ] [ SQL ] SELECT * FROM `product_property` WHERE  `product_id` = 11 [ RunTime:0.002000s ]

---------------------------------------------------------------
[ 2019-01-05T09:24:32+08:00 ] 127.0.0.1 127.0.0.1 GET /api/v1/product/11
[ log ] lh.zerg.com/api/v1/product/11 [运行时间：0.790046s][吞吐率：1.27req/s] [内存消耗：2,825.52kb] [文件加载：52]
[ sql ] [ DB ] CONNECT:[ UseTime:0.045003s ] mysql:dbname=zerg;host=lh.zerg.com;port=3306;charset=utf8
[ sql ] [ SQL ] SHOW COLUMNS FROM `product` [ RunTime:0.019001s ]
[ sql ] [ SQL ] SELECT * FROM `product` WHERE  `id` = 11 LIMIT 1 [ RunTime:0.001000s ]
[ sql ] [ SQL ] SHOW COLUMNS FROM `product_image` [ RunTime:0.018001s ]
[ sql ] [ SQL ] SELECT * FROM `product_image` WHERE  `product_id` = 11 ORDER BY `order`  asc [ RunTime:0.001000s ]
[ sql ] [ SQL ] SHOW COLUMNS FROM `image` [ RunTime:0.017001s ]
[ sql ] [ SQL ] SELECT * FROM `image` WHERE  `id` IN (19,20,21,22,23,24,25,26,27,29,28,62,63) [ RunTime:0.001000s ]
[ sql ] [ SQL ] SHOW COLUMNS FROM `product_property` [ RunTime:0.017001s ]
[ sql ] [ SQL ] SELECT * FROM `product_property` WHERE  `product_id` = 11 [ RunTime:0.001000s ]

---------------------------------------------------------------
[ 2019-01-05T09:27:13+08:00 ] 127.0.0.1 127.0.0.1 GET /api/v1/product/11
[ log ] lh.zerg.com/api/v1/product/11 [运行时间：0.905052s][吞吐率：1.10req/s] [内存消耗：2,825.52kb] [文件加载：52]
[ sql ] [ DB ] CONNECT:[ UseTime:0.046003s ] mysql:dbname=zerg;host=lh.zerg.com;port=3306;charset=utf8
[ sql ] [ SQL ] SHOW COLUMNS FROM `product` [ RunTime:0.021001s ]
[ sql ] [ SQL ] SELECT * FROM `product` WHERE  `id` = 11 LIMIT 1 [ RunTime:0.001000s ]
[ sql ] [ SQL ] SHOW COLUMNS FROM `product_image` [ RunTime:0.020001s ]
[ sql ] [ SQL ] SELECT * FROM `product_image` WHERE  `product_id` = 11 ORDER BY `order`  asc [ RunTime:0.001000s ]
[ sql ] [ SQL ] SHOW COLUMNS FROM `image` [ RunTime:0.017001s ]
[ sql ] [ SQL ] SELECT * FROM `image` WHERE  `id` IN (19,20,21,22,23,24,25,26,27,29,28,62,63) [ RunTime:0.001000s ]
[ sql ] [ SQL ] SHOW COLUMNS FROM `product_property` [ RunTime:0.018001s ]
[ sql ] [ SQL ] SELECT * FROM `product_property` WHERE  `product_id` = 11 [ RunTime:0.002000s ]

---------------------------------------------------------------
[ 2019-01-05T09:28:56+08:00 ] 127.0.0.1 127.0.0.1 GET /api/v1/product/11
[ log ] lh.zerg.com/api/v1/product/11 [运行时间：0.694040s][吞吐率：1.44req/s] [内存消耗：2,825.52kb] [文件加载：52]
[ sql ] [ DB ] CONNECT:[ UseTime:0.003000s ] mysql:dbname=zerg;host=lh.zerg.com;port=3306;charset=utf8
[ sql ] [ SQL ] SHOW COLUMNS FROM `product` [ RunTime:0.018001s ]
[ sql ] [ SQL ] SELECT * FROM `product` WHERE  `id` = 11 LIMIT 1 [ RunTime:0.002000s ]
[ sql ] [ SQL ] SHOW COLUMNS FROM `product_image` [ RunTime:0.019001s ]
[ sql ] [ SQL ] SELECT * FROM `product_image` WHERE  `product_id` = 11 ORDER BY `order`  asc [ RunTime:0.001000s ]
[ sql ] [ SQL ] SHOW COLUMNS FROM `image` [ RunTime:0.018001s ]
[ sql ] [ SQL ] SELECT * FROM `image` WHERE  `id` IN (19,20,21,22,23,24,25,26,27,29,28,62,63) [ RunTime:0.002000s ]
[ sql ] [ SQL ] SHOW COLUMNS FROM `product_property` [ RunTime:0.018001s ]
[ sql ] [ SQL ] SELECT * FROM `product_property` WHERE  `product_id` = 11 [ RunTime:0.002000s ]

---------------------------------------------------------------
[ 2019-01-05T09:31:09+08:00 ] 127.0.0.1 127.0.0.1 GET /api/v1/product/11
[ log ] lh.zerg.com/api/v1/product/11 [运行时间：0.686039s][吞吐率：1.46req/s] [内存消耗：2,825.52kb] [文件加载：52]
[ sql ] [ DB ] CONNECT:[ UseTime:0.003000s ] mysql:dbname=zerg;host=lh.zerg.com;port=3306;charset=utf8
[ sql ] [ SQL ] SHOW COLUMNS FROM `product` [ RunTime:0.017001s ]
[ sql ] [ SQL ] SELECT * FROM `product` WHERE  `id` = 11 LIMIT 1 [ RunTime:0.001000s ]
[ sql ] [ SQL ] SHOW COLUMNS FROM `product_image` [ RunTime:0.016001s ]
[ sql ] [ SQL ] SELECT * FROM `product_image` WHERE  `product_id` = 11 ORDER BY `order`  asc [ RunTime:0.001000s ]
[ sql ] [ SQL ] SHOW COLUMNS FROM `image` [ RunTime:0.017001s ]
[ sql ] [ SQL ] SELECT * FROM `image` WHERE  `id` IN (19,20,21,22,23,24,25,26,27,29,28,62,63) [ RunTime:0.005001s ]
[ sql ] [ SQL ] SHOW COLUMNS FROM `product_property` [ RunTime:0.017001s ]
[ sql ] [ SQL ] SELECT * FROM `product_property` WHERE  `product_id` = 11 [ RunTime:0.001000s ]

---------------------------------------------------------------
[ 2019-01-05T09:32:28+08:00 ] 127.0.0.1 127.0.0.1 GET /api/v1/product/11
[ log ] lh.zerg.com/api/v1/product/11 [运行时间：0.737042s][吞吐率：1.36req/s] [内存消耗：2,825.52kb] [文件加载：52]
[ sql ] [ DB ] CONNECT:[ UseTime:0.012001s ] mysql:dbname=zerg;host=lh.zerg.com;port=3306;charset=utf8
[ sql ] [ SQL ] SHOW COLUMNS FROM `product` [ RunTime:0.048002s ]
[ sql ] [ SQL ] SELECT * FROM `product` WHERE  `id` = 11 LIMIT 1 [ RunTime:0.001000s ]
[ sql ] [ SQL ] SHOW COLUMNS FROM `product_image` [ RunTime:0.017001s ]
[ sql ] [ SQL ] SELECT * FROM `product_image` WHERE  `product_id` = 11 ORDER BY `order`  asc [ RunTime:0.002000s ]
[ sql ] [ SQL ] SHOW COLUMNS FROM `image` [ RunTime:0.017001s ]
[ sql ] [ SQL ] SELECT * FROM `image` WHERE  `id` IN (19,20,21,22,23,24,25,26,27,29,28,62,63) [ RunTime:0.001000s ]
[ sql ] [ SQL ] SHOW COLUMNS FROM `product_property` [ RunTime:0.017001s ]
[ sql ] [ SQL ] SELECT * FROM `product_property` WHERE  `product_id` = 11 [ RunTime:0.001000s ]

---------------------------------------------------------------
[ 2019-01-05T09:33:11+08:00 ] 127.0.0.1 127.0.0.1 GET /api/v1/product/11
[ log ] lh.zerg.com/api/v1/product/11 [运行时间：0.722042s][吞吐率：1.38req/s] [内存消耗：2,825.52kb] [文件加载：52]
[ sql ] [ DB ] CONNECT:[ UseTime:0.012001s ] mysql:dbname=zerg;host=lh.zerg.com;port=3306;charset=utf8
[ sql ] [ SQL ] SHOW COLUMNS FROM `product` [ RunTime:0.020001s ]
[ sql ] [ SQL ] SELECT * FROM `product` WHERE  `id` = 11 LIMIT 1 [ RunTime:0.002000s ]
[ sql ] [ SQL ] SHOW COLUMNS FROM `product_image` [ RunTime:0.017001s ]
[ sql ] [ SQL ] SELECT * FROM `product_image` WHERE  `product_id` = 11 ORDER BY `order`  asc [ RunTime:0.001000s ]
[ sql ] [ SQL ] SHOW COLUMNS FROM `image` [ RunTime:0.016000s ]
[ sql ] [ SQL ] SELECT * FROM `image` WHERE  `id` IN (19,20,21,22,23,24,25,26,27,29,28,62,63) [ RunTime:0.002000s ]
[ sql ] [ SQL ] SHOW COLUMNS FROM `product_property` [ RunTime:0.017001s ]
[ sql ] [ SQL ] SELECT * FROM `product_property` WHERE  `product_id` = 11 [ RunTime:0.001000s ]

---------------------------------------------------------------
[ 2019-01-05T09:37:20+08:00 ] 127.0.0.1 127.0.0.1 GET /api/v1/product/11
[ log ] lh.zerg.com/api/v1/product/11 [运行时间：1.219070s][吞吐率：0.82req/s] [内存消耗：2,825.52kb] [文件加载：52]
[ sql ] [ DB ] CONNECT:[ UseTime:0.096006s ] mysql:dbname=zerg;host=lh.zerg.com;port=3306;charset=utf8
[ sql ] [ SQL ] SHOW COLUMNS FROM `product` [ RunTime:0.021001s ]
[ sql ] [ SQL ] SELECT * FROM `product` WHERE  `id` = 11 LIMIT 1 [ RunTime:0.020002s ]
[ sql ] [ SQL ] SHOW COLUMNS FROM `product_image` [ RunTime:0.042003s ]
[ sql ] [ SQL ] SELECT * FROM `product_image` WHERE  `product_id` = 11 ORDER BY `order`  asc [ RunTime:0.007000s ]
[ sql ] [ SQL ] SHOW COLUMNS FROM `image` [ RunTime:0.019001s ]
[ sql ] [ SQL ] SELECT * FROM `image` WHERE  `id` IN (19,20,21,22,23,24,25,26,27,29,28,62,63) [ RunTime:0.004000s ]
[ sql ] [ SQL ] SHOW COLUMNS FROM `product_property` [ RunTime:0.018001s ]
[ sql ] [ SQL ] SELECT * FROM `product_property` WHERE  `product_id` = 11 [ RunTime:0.002000s ]

---------------------------------------------------------------
[ 2019-01-05T09:45:31+08:00 ] 127.0.0.1 127.0.0.1 GET /api/v1/product/11
[ log ] lh.zerg.com/api/v1/product/11 [运行时间：0.705040s][吞吐率：1.42req/s] [内存消耗：2,825.52kb] [文件加载：52]
[ sql ] [ DB ] CONNECT:[ UseTime:0.009000s ] mysql:dbname=zerg;host=lh.zerg.com;port=3306;charset=utf8
[ sql ] [ SQL ] SHOW COLUMNS FROM `product` [ RunTime:0.018002s ]
[ sql ] [ SQL ] SELECT * FROM `product` WHERE  `id` = 11 LIMIT 1 [ RunTime:0.001000s ]
[ sql ] [ SQL ] SHOW COLUMNS FROM `product_image` [ RunTime:0.017001s ]
[ sql ] [ SQL ] SELECT * FROM `product_image` WHERE  `product_id` = 11 ORDER BY `order`  asc [ RunTime:0.001000s ]
[ sql ] [ SQL ] SHOW COLUMNS FROM `image` [ RunTime:0.018001s ]
[ sql ] [ SQL ] SELECT * FROM `image` WHERE  `id` IN (19,20,21,22,23,24,25,26,27,29,28,62,63) [ RunTime:0.002000s ]
[ sql ] [ SQL ] SHOW COLUMNS FROM `product_property` [ RunTime:0.017001s ]
[ sql ] [ SQL ] SELECT * FROM `product_property` WHERE  `product_id` = 11 [ RunTime:0.001000s ]

---------------------------------------------------------------
[ 2019-01-05T09:46:14+08:00 ] 127.0.0.1 127.0.0.1 GET /api/v1/product/11
[ log ] lh.zerg.com/api/v1/product/11 [运行时间：0.785045s][吞吐率：1.27req/s] [内存消耗：2,825.52kb] [文件加载：52]
[ sql ] [ DB ] CONNECT:[ UseTime:0.081004s ] mysql:dbname=zerg;host=lh.zerg.com;port=3306;charset=utf8
[ sql ] [ SQL ] SHOW COLUMNS FROM `product` [ RunTime:0.030001s ]
[ sql ] [ SQL ] SELECT * FROM `product` WHERE  `id` = 11 LIMIT 1 [ RunTime:0.001000s ]
[ sql ] [ SQL ] SHOW COLUMNS FROM `product_image` [ RunTime:0.020001s ]
[ sql ] [ SQL ] SELECT * FROM `product_image` WHERE  `product_id` = 11 ORDER BY `order`  asc [ RunTime:0.002001s ]
[ sql ] [ SQL ] SHOW COLUMNS FROM `image` [ RunTime:0.017001s ]
[ sql ] [ SQL ] SELECT * FROM `image` WHERE  `id` IN (19,20,21,22,23,24,25,26,27,29,28,62,63) [ RunTime:0.002000s ]
[ sql ] [ SQL ] SHOW COLUMNS FROM `product_property` [ RunTime:0.017001s ]
[ sql ] [ SQL ] SELECT * FROM `product_property` WHERE  `product_id` = 11 [ RunTime:0.002000s ]

---------------------------------------------------------------
[ 2019-01-05T09:47:25+08:00 ] 127.0.0.1 127.0.0.1 GET /api/v1/product/11
[ log ] lh.zerg.com/api/v1/product/11 [运行时间：0.990056s][吞吐率：1.01req/s] [内存消耗：2,825.52kb] [文件加载：52]
[ sql ] [ DB ] CONNECT:[ UseTime:0.019001s ] mysql:dbname=zerg;host=lh.zerg.com;port=3306;charset=utf8
[ sql ] [ SQL ] SHOW COLUMNS FROM `product` [ RunTime:0.019001s ]
[ sql ] [ SQL ] SELECT * FROM `product` WHERE  `id` = 11 LIMIT 1 [ RunTime:0.002000s ]
[ sql ] [ SQL ] SHOW COLUMNS FROM `product_image` [ RunTime:0.019001s ]
[ sql ] [ SQL ] SELECT * FROM `product_image` WHERE  `product_id` = 11 ORDER BY `order`  asc [ RunTime:0.003000s ]
[ sql ] [ SQL ] SHOW COLUMNS FROM `image` [ RunTime:0.054003s ]
[ sql ] [ SQL ] SELECT * FROM `image` WHERE  `id` IN (19,20,21,22,23,24,25,26,27,29,28,62,63) [ RunTime:0.002000s ]
[ sql ] [ SQL ] SHOW COLUMNS FROM `product_property` [ RunTime:0.043002s ]
[ sql ] [ SQL ] SELECT * FROM `product_property` WHERE  `product_id` = 11 [ RunTime:0.027002s ]

---------------------------------------------------------------
[ 2019-01-05T09:48:59+08:00 ] 127.0.0.1 127.0.0.1 GET /api/v1/product/11
[ log ] lh.zerg.com/api/v1/product/11 [运行时间：0.924052s][吞吐率：1.08req/s] [内存消耗：2,825.52kb] [文件加载：52]
[ sql ] [ DB ] CONNECT:[ UseTime:0.037003s ] mysql:dbname=zerg;host=lh.zerg.com;port=3306;charset=utf8
[ sql ] [ SQL ] SHOW COLUMNS FROM `product` [ RunTime:0.022001s ]
[ sql ] [ SQL ] SELECT * FROM `product` WHERE  `id` = 11 LIMIT 1 [ RunTime:0.017001s ]
[ sql ] [ SQL ] SHOW COLUMNS FROM `product_image` [ RunTime:0.022001s ]
[ sql ] [ SQL ] SELECT * FROM `product_image` WHERE  `product_id` = 11 ORDER BY `order`  asc [ RunTime:0.002000s ]
[ sql ] [ SQL ] SHOW COLUMNS FROM `image` [ RunTime:0.020001s ]
[ sql ] [ SQL ] SELECT * FROM `image` WHERE  `id` IN (19,20,21,22,23,24,25,26,27,29,28,62,63) [ RunTime:0.002000s ]
[ sql ] [ SQL ] SHOW COLUMNS FROM `product_property` [ RunTime:0.058003s ]
[ sql ] [ SQL ] SELECT * FROM `product_property` WHERE  `product_id` = 11 [ RunTime:0.001000s ]

---------------------------------------------------------------
[ 2019-01-05T09:51:55+08:00 ] 127.0.0.1 127.0.0.1 GET /api/v1/product/recent
[ log ] lh.zerg.com/api/v1/product/recent [运行时间：0.607035s][吞吐率：1.65req/s] [内存消耗：2,616.19kb] [文件加载：45]
[ sql ] [ DB ] CONNECT:[ UseTime:0.019001s ] mysql:dbname=zerg;host=lh.zerg.com;port=3306;charset=utf8
[ sql ] [ SQL ] SHOW COLUMNS FROM `product` [ RunTime:0.018001s ]
[ sql ] [ SQL ] SELECT * FROM `product` ORDER BY create_time desc LIMIT 15 [ RunTime:0.001000s ]

---------------------------------------------------------------
[ 2019-01-05T09:51:56+08:00 ] 127.0.0.1 127.0.0.1 GET /api/v1/theme?ids=1,2,3
[ log ] lh.zerg.com/api/v1/theme?ids=1,2,3 [运行时间：0.725041s][吞吐率：1.38req/s] [内存消耗：2,717.03kb] [文件加载：49]
[ sql ] [ DB ] CONNECT:[ UseTime:0.026001s ] mysql:dbname=zerg;host=lh.zerg.com;port=3306;charset=utf8
[ sql ] [ SQL ] SHOW COLUMNS FROM `theme` [ RunTime:0.040003s ]
[ sql ] [ SQL ] SELECT * FROM `theme` WHERE  `id` IN (1,2,3) [ RunTime:0.001000s ]
[ sql ] [ SQL ] SHOW COLUMNS FROM `image` [ RunTime:0.043003s ]
[ sql ] [ SQL ] SELECT * FROM `image` WHERE  `id` IN (16,17,18) [ RunTime:0.002000s ]
[ sql ] [ SQL ] SELECT * FROM `image` WHERE  `id` IN (49,50,18) [ RunTime:0.002001s ]

---------------------------------------------------------------
[ 2019-01-05T09:51:56+08:00 ] 127.0.0.1 127.0.0.1 GET /api/v1/banner/1
[ log ] lh.zerg.com/api/v1/banner/1 [运行时间：0.912052s][吞吐率：1.10req/s] [内存消耗：2,782.80kb] [文件加载：51]
[ sql ] [ DB ] CONNECT:[ UseTime:0.069004s ] mysql:dbname=zerg;host=lh.zerg.com;port=3306;charset=utf8
[ sql ] [ SQL ] SHOW COLUMNS FROM `banner` [ RunTime:0.044002s ]
[ sql ] [ SQL ] SELECT * FROM `banner` WHERE  `id` = 1 LIMIT 1 [ RunTime:0.001000s ]
[ sql ] [ SQL ] SHOW COLUMNS FROM `banner_item` [ RunTime:0.042002s ]
[ sql ] [ SQL ] SELECT * FROM `banner_item` WHERE  `banner_id` = 1 [ RunTime:0.001000s ]
[ sql ] [ SQL ] SELECT * FROM `banner_item` WHERE  `banner_id` = 1 [ RunTime:0.002000s ]
[ sql ] [ SQL ] SHOW COLUMNS FROM `image` [ RunTime:0.018001s ]
[ sql ] [ SQL ] SELECT * FROM `image` WHERE  `id` IN (65,2,3,1) [ RunTime:0.002000s ]

---------------------------------------------------------------
[ 2019-01-05T10:03:41+08:00 ] 127.0.0.1 127.0.0.1 GET /api/v1/product/recent
[ log ] lh.zerg.com/api/v1/product/recent [运行时间：0.927053s][吞吐率：1.08req/s] [内存消耗：2,616.19kb] [文件加载：45]
[ sql ] [ DB ] CONNECT:[ UseTime:0.048003s ] mysql:dbname=zerg;host=lh.zerg.com;port=3306;charset=utf8
[ sql ] [ SQL ] SHOW COLUMNS FROM `product` [ RunTime:0.025001s ]
[ sql ] [ SQL ] SELECT * FROM `product` ORDER BY create_time desc LIMIT 15 [ RunTime:0.002000s ]

---------------------------------------------------------------
[ 2019-01-05T10:03:41+08:00 ] 127.0.0.1 127.0.0.1 GET /api/v1/banner/1
[ log ] lh.zerg.com/api/v1/banner/1 [运行时间：1.009058s][吞吐率：0.99req/s] [内存消耗：2,782.80kb] [文件加载：51]
[ sql ] [ DB ] CONNECT:[ UseTime:0.044002s ] mysql:dbname=zerg;host=lh.zerg.com;port=3306;charset=utf8
[ sql ] [ SQL ] SHOW COLUMNS FROM `banner` [ RunTime:0.055003s ]
[ sql ] [ SQL ] SELECT * FROM `banner` WHERE  `id` = 1 LIMIT 1 [ RunTime:0.001000s ]
[ sql ] [ SQL ] SHOW COLUMNS FROM `banner_item` [ RunTime:0.017001s ]
[ sql ] [ SQL ] SELECT * FROM `banner_item` WHERE  `banner_id` = 1 [ RunTime:0.002000s ]
[ sql ] [ SQL ] SELECT * FROM `banner_item` WHERE  `banner_id` = 1 [ RunTime:0.002000s ]
[ sql ] [ SQL ] SHOW COLUMNS FROM `image` [ RunTime:0.019002s ]
[ sql ] [ SQL ] SELECT * FROM `image` WHERE  `id` IN (65,2,3,1) [ RunTime:0.002000s ]

---------------------------------------------------------------
[ 2019-01-05T10:03:41+08:00 ] 127.0.0.1 127.0.0.1 GET /api/v1/theme?ids=1,2,3
[ log ] lh.zerg.com/api/v1/theme?ids=1,2,3 [运行时间：0.942054s][吞吐率：1.06req/s] [内存消耗：2,717.05kb] [文件加载：49]
[ sql ] [ DB ] CONNECT:[ UseTime:0.048003s ] mysql:dbname=zerg;host=lh.zerg.com;port=3306;charset=utf8
[ sql ] [ SQL ] SHOW COLUMNS FROM `theme` [ RunTime:0.033002s ]
[ sql ] [ SQL ] SELECT * FROM `theme` WHERE  `id` IN (1,2,3) [ RunTime:0.004000s ]
[ sql ] [ SQL ] SHOW COLUMNS FROM `image` [ RunTime:0.167010s ]
[ sql ] [ SQL ] SELECT * FROM `image` WHERE  `id` IN (16,17,18) [ RunTime:0.001000s ]
[ sql ] [ SQL ] SELECT * FROM `image` WHERE  `id` IN (49,50,18) [ RunTime:0.003000s ]

---------------------------------------------------------------
[ 2019-01-05T10:04:12+08:00 ] 127.0.0.1 127.0.0.1 GET /api/v1/category/all
[ log ] lh.zerg.com/api/v1/category/all [运行时间：1.192068s][吞吐率：0.84req/s] [内存消耗：2,490.02kb] [文件加载：46]
[ sql ] [ DB ] CONNECT:[ UseTime:0.108007s ] mysql:dbname=zerg;host=lh.zerg.com;port=3306;charset=utf8
[ sql ] [ SQL ] SHOW COLUMNS FROM `category` [ RunTime:0.019001s ]
[ sql ] [ SQL ] SELECT * FROM `category` [ RunTime:0.002000s ]
[ sql ] [ SQL ] SHOW COLUMNS FROM `image` [ RunTime:0.062003s ]
[ sql ] [ SQL ] SELECT * FROM `image` WHERE  `id` IN (6,5,7,4,8,9) [ RunTime:0.002000s ]

---------------------------------------------------------------
[ 2019-01-05T10:04:14+08:00 ] 127.0.0.1 127.0.0.1 GET /api/v1/product/by_category?id=2
[ log ] lh.zerg.com/api/v1/product/by_category?id=2 [运行时间：0.600035s][吞吐率：1.67req/s] [内存消耗：2,614.84kb] [文件加载：45]
[ sql ] [ DB ] CONNECT:[ UseTime:0.004000s ] mysql:dbname=zerg;host=lh.zerg.com;port=3306;charset=utf8
[ sql ] [ SQL ] SHOW COLUMNS FROM `product` [ RunTime:0.026002s ]
[ sql ] [ SQL ] SELECT * FROM `product` WHERE  `category_id` = 2 [ RunTime:0.002000s ]

---------------------------------------------------------------
