[ 2019-01-19T00:43:08+08:00 ] 127.0.0.1 127.0.0.1 POST /api/v1/order
[ log ] lh.zerg.com/api/v1/order [运行时间：1.159067s][吞吐率：0.86req/s] [内存消耗：3,183.69kb] [文件加载：61]
[ sql ] [ DB ] CONNECT:[ UseTime:0.025001s ] mysql:dbname=zerg;host=lh.zerg.com;port=3306;charset=utf8
[ sql ] [ SQL ] SHOW COLUMNS FROM `product` [ RunTime:0.017001s ]
[ sql ] [ SQL ] SELECT * FROM `product` WHERE  `id` IN (1,2) [ RunTime:0.002000s ]
[ sql ] [ SQL ] SHOW COLUMNS FROM `user_address` [ RunTime:0.018001s ]
[ sql ] [ SQL ] SELECT * FROM `user_address` WHERE  `user_id` = 1 LIMIT 1 [ RunTime:0.002000s ]
[ sql ] [ SQL ] SHOW COLUMNS FROM `order` [ RunTime:0.019001s ]
[ sql ] [ SQL ] INSERT INTO `order` (`user_id` , `order_no` , `total_price` , `total_count` , `snap_img` , `snap_name` , `snap_address` , `snap_items`) VALUES (1 , 'C119297878868029' , 0.1 , 10 , 'http://lh.zerg.com/images/product-vg@1.png' , '芹菜 半斤等' , 'null' , '[{\"id\":1,\"haveStock\":true,\"count\":2,\"name\":\"\\u82b9\\u83dc \\u534a\\u65a4\",\"totalPrice\":0.02},{\"id\":2,\"haveStock\":true,\"count\":3,\"name\":\"\\u68a8\\u82b1\\u5e26\\u96e8 3\\u4e2a\",\"totalPrice\":0.03},{\"id\":1,\"name\":\"\\u82b9\\u83dc \\u534a\\u65a4\",\"main_img_url\":\"http:\\/\\/lh.zerg.com\\/images\\/product-vg@1.png\",\"count\":2,\"totalPrice\":0.02,\"price\":\"0.01\",\"counts\":2},{\"id\":2,\"name\":\"\\u68a8\\u82b1\\u5e26\\u96e8 3\\u4e2a\",\"main_img_url\":\"http:\\/\\/lh.zerg.com\\/images\\/product-dryfruit@1.png\",\"count\":3,\"totalPrice\":0.03,\"price\":\"0.01\",\"counts\":3}]') [ RunTime:0.249014s ]
[ sql ] [ SQL ] SHOW COLUMNS FROM `order_product` [ RunTime:0.122007s ]
[ sql ] [ SQL ] INSERT INTO `order_product` (`product_id` , `count` , `order_id`) VALUES (1 , 2 , 1) [ RunTime:0.002000s ]
[ sql ] [ SQL ] INSERT INTO `order_product` (`product_id` , `count` , `order_id`) VALUES (2 , 3 , 1) [ RunTime:0.001000s ]

---------------------------------------------------------------
[ 2019-01-19T00:43:35+08:00 ] 127.0.0.1 127.0.0.1 POST /api/v1/order
[ log ] lh.zerg.com/api/v1/order [运行时间：0.816047s][吞吐率：1.23req/s] [内存消耗：3,183.70kb] [文件加载：61]
[ sql ] [ DB ] CONNECT:[ UseTime:0.013001s ] mysql:dbname=zerg;host=lh.zerg.com;port=3306;charset=utf8
[ sql ] [ SQL ] SHOW COLUMNS FROM `product` [ RunTime:0.017001s ]
[ sql ] [ SQL ] SELECT * FROM `product` WHERE  `id` IN (1,2) [ RunTime:0.002000s ]
[ sql ] [ SQL ] SHOW COLUMNS FROM `user_address` [ RunTime:0.018001s ]
[ sql ] [ SQL ] SELECT * FROM `user_address` WHERE  `user_id` = 1 LIMIT 1 [ RunTime:0.001000s ]
[ sql ] [ SQL ] SHOW COLUMNS FROM `order` [ RunTime:0.018001s ]
[ sql ] [ SQL ] INSERT INTO `order` (`user_id` , `order_no` , `total_price` , `total_count` , `snap_img` , `snap_name` , `snap_address` , `snap_items`) VALUES (1 , 'C119298152213687' , 0.1 , 10 , 'http://lh.zerg.com/images/product-vg@1.png' , '芹菜 半斤等' , 'null' , '[{\"id\":1,\"haveStock\":true,\"count\":2,\"name\":\"\\u82b9\\u83dc \\u534a\\u65a4\",\"totalPrice\":0.02},{\"id\":2,\"haveStock\":true,\"count\":3,\"name\":\"\\u68a8\\u82b1\\u5e26\\u96e8 3\\u4e2a\",\"totalPrice\":0.03},{\"id\":1,\"name\":\"\\u82b9\\u83dc \\u534a\\u65a4\",\"main_img_url\":\"http:\\/\\/lh.zerg.com\\/images\\/product-vg@1.png\",\"count\":2,\"totalPrice\":0.02,\"price\":\"0.01\",\"counts\":2},{\"id\":2,\"name\":\"\\u68a8\\u82b1\\u5e26\\u96e8 3\\u4e2a\",\"main_img_url\":\"http:\\/\\/lh.zerg.com\\/images\\/product-dryfruit@1.png\",\"count\":3,\"totalPrice\":0.03,\"price\":\"0.01\",\"counts\":3}]') [ RunTime:0.089005s ]
[ sql ] [ SQL ] SHOW COLUMNS FROM `order_product` [ RunTime:0.024001s ]
[ sql ] [ SQL ] INSERT INTO `order_product` (`product_id` , `count` , `order_id`) VALUES (1 , 2 , 2) [ RunTime:0.001000s ]
[ sql ] [ SQL ] INSERT INTO `order_product` (`product_id` , `count` , `order_id`) VALUES (2 , 3 , 2) [ RunTime:0.001000s ]

---------------------------------------------------------------
[ 2019-01-19T00:45:31+08:00 ] 127.0.0.1 127.0.0.1 POST /api/v1/order
[ log ] lh.zerg.com/api/v1/order [运行时间：0.791045s][吞吐率：1.26req/s] [内存消耗：3,183.70kb] [文件加载：61]
[ sql ] [ DB ] CONNECT:[ UseTime:0.013001s ] mysql:dbname=zerg;host=lh.zerg.com;port=3306;charset=utf8
[ sql ] [ SQL ] SHOW COLUMNS FROM `product` [ RunTime:0.019001s ]
[ sql ] [ SQL ] SELECT * FROM `product` WHERE  `id` IN (1,2) [ RunTime:0.001000s ]
[ sql ] [ SQL ] SHOW COLUMNS FROM `user_address` [ RunTime:0.018001s ]
[ sql ] [ SQL ] SELECT * FROM `user_address` WHERE  `user_id` = 1 LIMIT 1 [ RunTime:0.001000s ]
[ sql ] [ SQL ] SHOW COLUMNS FROM `order` [ RunTime:0.017001s ]
[ sql ] [ SQL ] INSERT INTO `order` (`user_id` , `order_no` , `total_price` , `total_count` , `snap_img` , `snap_name` , `snap_address` , `snap_items`) VALUES (1 , 'C119299304839591' , 0.1 , 10 , 'http://lh.zerg.com/images/product-vg@1.png' , '芹菜 半斤等' , 'null' , '[{\"id\":1,\"haveStock\":true,\"count\":2,\"name\":\"\\u82b9\\u83dc \\u534a\\u65a4\",\"totalPrice\":0.02},{\"id\":2,\"haveStock\":true,\"count\":3,\"name\":\"\\u68a8\\u82b1\\u5e26\\u96e8 3\\u4e2a\",\"totalPrice\":0.03},{\"id\":1,\"name\":\"\\u82b9\\u83dc \\u534a\\u65a4\",\"main_img_url\":\"http:\\/\\/lh.zerg.com\\/images\\/product-vg@1.png\",\"count\":2,\"totalPrice\":0.02,\"price\":\"0.01\",\"counts\":2},{\"id\":2,\"name\":\"\\u68a8\\u82b1\\u5e26\\u96e8 3\\u4e2a\",\"main_img_url\":\"http:\\/\\/lh.zerg.com\\/images\\/product-dryfruit@1.png\",\"count\":3,\"totalPrice\":0.03,\"price\":\"0.01\",\"counts\":3}]') [ RunTime:0.054003s ]
[ sql ] [ SQL ] SHOW COLUMNS FROM `order_product` [ RunTime:0.019001s ]
[ sql ] [ SQL ] INSERT INTO `order_product` (`product_id` , `count` , `order_id`) VALUES (1 , 2 , 3) [ RunTime:0.002000s ]
[ sql ] [ SQL ] INSERT INTO `order_product` (`product_id` , `count` , `order_id`) VALUES (2 , 3 , 3) [ RunTime:0.001000s ]

---------------------------------------------------------------
[ 2019-01-19T00:48:10+08:00 ] 127.0.0.1 127.0.0.1 POST /api/v1/order
[ log ] lh.zerg.com/api/v1/order [运行时间：1.187067s][吞吐率：0.84req/s] [内存消耗：3,183.70kb] [文件加载：61]
[ sql ] [ DB ] CONNECT:[ UseTime:0.110006s ] mysql:dbname=zerg;host=lh.zerg.com;port=3306;charset=utf8
[ sql ] [ SQL ] SHOW COLUMNS FROM `product` [ RunTime:0.025002s ]
[ sql ] [ SQL ] SELECT * FROM `product` WHERE  `id` IN (1,2) [ RunTime:0.002000s ]
[ sql ] [ SQL ] SHOW COLUMNS FROM `user_address` [ RunTime:0.022001s ]
[ sql ] [ SQL ] SELECT * FROM `user_address` WHERE  `user_id` = 1 LIMIT 1 [ RunTime:0.002001s ]
[ sql ] [ SQL ] SHOW COLUMNS FROM `order` [ RunTime:0.026001s ]
[ sql ] [ SQL ] INSERT INTO `order` (`user_id` , `order_no` , `total_price` , `total_count` , `snap_img` , `snap_name` , `snap_address` , `snap_items`) VALUES (1 , 'C119300902630973' , 0.2 , 20 , 'http://lh.zerg.com/images/product-vg@1.png' , '芹菜 半斤等' , 'null' , '[{\"id\":1,\"haveStock\":true,\"count\":4,\"name\":\"\\u82b9\\u83dc \\u534a\\u65a4\",\"totalPrice\":0.04},{\"id\":2,\"haveStock\":true,\"count\":6,\"name\":\"\\u68a8\\u82b1\\u5e26\\u96e8 3\\u4e2a\",\"totalPrice\":0.06},{\"id\":1,\"name\":\"\\u82b9\\u83dc \\u534a\\u65a4\",\"main_img_url\":\"http:\\/\\/lh.zerg.com\\/images\\/product-vg@1.png\",\"count\":4,\"totalPrice\":0.04,\"price\":\"0.01\",\"counts\":4},{\"id\":2,\"name\":\"\\u68a8\\u82b1\\u5e26\\u96e8 3\\u4e2a\",\"main_img_url\":\"http:\\/\\/lh.zerg.com\\/images\\/product-dryfruit@1.png\",\"count\":6,\"totalPrice\":0.06,\"price\":\"0.01\",\"counts\":6}]') [ RunTime:0.048003s ]
[ sql ] [ SQL ] SHOW COLUMNS FROM `order_product` [ RunTime:0.021001s ]
[ sql ] [ SQL ] INSERT INTO `order_product` (`product_id` , `count` , `order_id`) VALUES (1 , 4 , 4) [ RunTime:0.036002s ]
[ sql ] [ SQL ] INSERT INTO `order_product` (`product_id` , `count` , `order_id`) VALUES (2 , 6 , 4) [ RunTime:0.001000s ]

---------------------------------------------------------------
[ 2019-01-19T00:51:00+08:00 ] 127.0.0.1 127.0.0.1 POST /api/v1/order
[ log ] lh.zerg.com/api/v1/order [运行时间：0.805046s][吞吐率：1.24req/s] [内存消耗：3,184.49kb] [文件加载：61]
[ sql ] [ DB ] CONNECT:[ UseTime:0.013000s ] mysql:dbname=zerg;host=lh.zerg.com;port=3306;charset=utf8
[ sql ] [ SQL ] SHOW COLUMNS FROM `product` [ RunTime:0.017001s ]
[ sql ] [ SQL ] SELECT * FROM `product` WHERE  `id` IN (1,2) [ RunTime:0.001000s ]
[ sql ] [ SQL ] SHOW COLUMNS FROM `user_address` [ RunTime:0.018001s ]
[ sql ] [ SQL ] SELECT * FROM `user_address` WHERE  `user_id` = 1 LIMIT 1 [ RunTime:0.001001s ]
[ sql ] [ SQL ] SHOW COLUMNS FROM `order` [ RunTime:0.018001s ]
[ sql ] [ SQL ] INSERT INTO `order` (`user_id` , `order_no` , `total_price` , `total_count` , `snap_img` , `snap_name` , `snap_address` , `snap_items`) VALUES (1 , 'C119302603118261' , 0.2 , 20 , 'http://lh.zerg.com/images/product-vg@1.png' , '芹菜 半斤等' , '{\"name\":\"\\u5f20\\u4e09\",\"mobile\":\"18798118175\",\"province\":\"\\u5e7f\\u4e1c\\u7701\",\"city\":\"\\u5e7f\\u5dde\\u5e02\",\"country\":\"\\u6d77\\u73e0\\u533a\",\"detail\":\"\\u65b0\\u6e2f\\u4e2d\\u8def397\\u53f7\",\"update_time\":\"1970-01-01 08:00:00\"}' , '[{\"id\":1,\"haveStock\":true,\"count\":4,\"name\":\"\\u82b9\\u83dc \\u534a\\u65a4\",\"totalPrice\":0.04},{\"id\":2,\"haveStock\":true,\"count\":6,\"name\":\"\\u68a8\\u82b1\\u5e26\\u96e8 3\\u4e2a\",\"totalPrice\":0.06},{\"id\":1,\"name\":\"\\u82b9\\u83dc \\u534a\\u65a4\",\"main_img_url\":\"http:\\/\\/lh.zerg.com\\/images\\/product-vg@1.png\",\"count\":4,\"totalPrice\":0.04,\"price\":\"0.01\",\"counts\":4},{\"id\":2,\"name\":\"\\u68a8\\u82b1\\u5e26\\u96e8 3\\u4e2a\",\"main_img_url\":\"http:\\/\\/lh.zerg.com\\/images\\/product-dryfruit@1.png\",\"count\":6,\"totalPrice\":0.06,\"price\":\"0.01\",\"counts\":6}]') [ RunTime:0.048003s ]
[ sql ] [ SQL ] SHOW COLUMNS FROM `order_product` [ RunTime:0.016001s ]
[ sql ] [ SQL ] INSERT INTO `order_product` (`product_id` , `count` , `order_id`) VALUES (1 , 4 , 5) [ RunTime:0.022001s ]
[ sql ] [ SQL ] INSERT INTO `order_product` (`product_id` , `count` , `order_id`) VALUES (2 , 6 , 5) [ RunTime:0.001000s ]

---------------------------------------------------------------
[ 2019-01-19T00:53:58+08:00 ] 127.0.0.1 127.0.0.1 POST /api/v1/order
[ log ] lh.zerg.com/api/v1/order [运行时间：0.822047s][吞吐率：1.22req/s] [内存消耗：3,184.94kb] [文件加载：61]
[ sql ] [ DB ] CONNECT:[ UseTime:0.013001s ] mysql:dbname=zerg;host=lh.zerg.com;port=3306;charset=utf8
[ sql ] [ SQL ] SHOW COLUMNS FROM `product` [ RunTime:0.018001s ]
[ sql ] [ SQL ] SELECT * FROM `product` WHERE  `id` IN (1,2) [ RunTime:0.002001s ]
[ sql ] [ SQL ] SHOW COLUMNS FROM `user_address` [ RunTime:0.017001s ]
[ sql ] [ SQL ] SELECT * FROM `user_address` WHERE  `user_id` = 1 LIMIT 1 [ RunTime:0.001000s ]
[ sql ] [ SQL ] SHOW COLUMNS FROM `order` [ RunTime:0.017001s ]
[ sql ] [ SQL ] INSERT INTO `order` (`user_id` , `order_no` , `total_price` , `total_count` , `snap_img` , `snap_name` , `snap_address` , `snap_items`) VALUES (1 , 'C119304379919808' , 0.2 , 20 , 'http://lh.zerg.com/images/product-vg@1.png' , '芹菜 半斤等' , '{\"name\":\"张三\",\"mobile\":\"18798118175\",\"province\":\"广东省\",\"city\":\"广州市\",\"country\":\"海珠区\",\"detail\":\"新港中路397号\",\"update_time\":\"1970-01-01 08:00:00\"}' , '[{\"id\":1,\"haveStock\":true,\"count\":4,\"name\":\"\\u82b9\\u83dc \\u534a\\u65a4\",\"totalPrice\":0.04},{\"id\":2,\"haveStock\":true,\"count\":6,\"name\":\"\\u68a8\\u82b1\\u5e26\\u96e8 3\\u4e2a\",\"totalPrice\":0.06},{\"id\":1,\"name\":\"\\u82b9\\u83dc \\u534a\\u65a4\",\"main_img_url\":\"http:\\/\\/lh.zerg.com\\/images\\/product-vg@1.png\",\"count\":4,\"totalPrice\":0.04,\"price\":\"0.01\",\"counts\":4},{\"id\":2,\"name\":\"\\u68a8\\u82b1\\u5e26\\u96e8 3\\u4e2a\",\"main_img_url\":\"http:\\/\\/lh.zerg.com\\/images\\/product-dryfruit@1.png\",\"count\":6,\"totalPrice\":0.06,\"price\":\"0.01\",\"counts\":6}]') [ RunTime:0.055003s ]
[ sql ] [ SQL ] SHOW COLUMNS FROM `order_product` [ RunTime:0.017001s ]
[ sql ] [ SQL ] INSERT INTO `order_product` (`product_id` , `count` , `order_id`) VALUES (1 , 4 , 6) [ RunTime:0.020001s ]
[ sql ] [ SQL ] INSERT INTO `order_product` (`product_id` , `count` , `order_id`) VALUES (2 , 6 , 6) [ RunTime:0.001000s ]

---------------------------------------------------------------
[ 2019-01-19T00:58:56+08:00 ] 127.0.0.1 127.0.0.1 POST /api/v1/order
[ log ] lh.zerg.com/api/v1/order [运行时间：0.834048s][吞吐率：1.20req/s] [内存消耗：3,184.45kb] [文件加载：61]
[ sql ] [ DB ] CONNECT:[ UseTime:0.003000s ] mysql:dbname=zerg;host=lh.zerg.com;port=3306;charset=utf8
[ sql ] [ SQL ] SHOW COLUMNS FROM `product` [ RunTime:0.017001s ]
[ sql ] [ SQL ] SELECT * FROM `product` WHERE  `id` IN (1,2) [ RunTime:0.002000s ]
[ sql ] [ SQL ] SHOW COLUMNS FROM `user_address` [ RunTime:0.019001s ]
[ sql ] [ SQL ] SELECT * FROM `user_address` WHERE  `user_id` = 1 LIMIT 1 [ RunTime:0.001000s ]
[ sql ] [ SQL ] SHOW COLUMNS FROM `order` [ RunTime:0.019001s ]
[ sql ] [ SQL ] INSERT INTO `order` (`user_id` , `order_no` , `total_price` , `total_count` , `snap_img` , `snap_name` , `snap_address` , `snap_items`) VALUES (1 , 'C119307354389988' , 0.1 , 10 , 'http://lh.zerg.com/images/product-vg@1.png' , '芹菜 半斤等' , '{\"name\":\"张三\",\"mobile\":\"18798118175\",\"province\":\"广东省\",\"city\":\"广州市\",\"country\":\"海珠区\",\"detail\":\"新港中路397号\",\"update_time\":\"1970-01-01 08:00:00\"}' , '[{\"id\":1,\"haveStock\":true,\"count\":4,\"name\":\"\\u82b9\\u83dc \\u534a\\u65a4\",\"totalPrice\":0.04},{\"id\":2,\"haveStock\":true,\"count\":6,\"name\":\"\\u68a8\\u82b1\\u5e26\\u96e8 3\\u4e2a\",\"totalPrice\":0.06},{\"id\":1,\"name\":\"\\u82b9\\u83dc \\u534a\\u65a4\",\"main_img_url\":\"http:\\/\\/lh.zerg.com\\/images\\/product-vg@1.png\",\"count\":4,\"totalPrice\":0.04,\"price\":\"0.01\",\"counts\":4},{\"id\":2,\"name\":\"\\u68a8\\u82b1\\u5e26\\u96e8 3\\u4e2a\",\"main_img_url\":\"http:\\/\\/lh.zerg.com\\/images\\/product-dryfruit@1.png\",\"count\":6,\"totalPrice\":0.06,\"price\":\"0.01\",\"counts\":6}]') [ RunTime:0.078005s ]
[ sql ] [ SQL ] SHOW COLUMNS FROM `order_product` [ RunTime:0.021001s ]
[ sql ] [ SQL ] INSERT INTO `order_product` (`product_id` , `count` , `order_id`) VALUES (1 , 4 , 7) [ RunTime:0.003001s ]
[ sql ] [ SQL ] INSERT INTO `order_product` (`product_id` , `count` , `order_id`) VALUES (2 , 6 , 7) [ RunTime:0.001000s ]

---------------------------------------------------------------
[ 2019-01-19T01:01:34+08:00 ] 127.0.0.1 127.0.0.1 POST /api/v1/order
[ log ] lh.zerg.com/api/v1/order [运行时间：0.953055s][吞吐率：1.05req/s] [内存消耗：3,184.83kb] [文件加载：61]
[ sql ] [ DB ] CONNECT:[ UseTime:0.003000s ] mysql:dbname=zerg;host=lh.zerg.com;port=3306;charset=utf8
[ sql ] [ SQL ] SHOW COLUMNS FROM `product` [ RunTime:0.018001s ]
[ sql ] [ SQL ] SELECT * FROM `product` WHERE  `id` IN (1,2) [ RunTime:0.001000s ]
[ sql ] [ SQL ] SHOW COLUMNS FROM `user_address` [ RunTime:0.017001s ]
[ sql ] [ SQL ] SELECT * FROM `user_address` WHERE  `user_id` = 1 LIMIT 1 [ RunTime:0.002001s ]
[ sql ] [ SQL ] SHOW COLUMNS FROM `order` [ RunTime:0.018001s ]
[ sql ] [ SQL ] INSERT INTO `order` (`user_id` , `order_no` , `total_price` , `total_count` , `snap_img` , `snap_name` , `snap_address` , `snap_items`) VALUES (1 , 'C119308939290602' , 0.1 , 10 , 'http://lh.zerg.com/images/product-vg@1.png' , '芹菜 半斤等' , '{\"name\":\"张三\",\"mobile\":\"18798118175\",\"province\":\"广东省\",\"city\":\"广州市\",\"country\":\"海珠区\",\"detail\":\"新港中路397号\",\"update_time\":\"1970-01-01 08:00:00\"}' , '[{\"id\":1,\"haveStock\":true,\"count\":4,\"name\":\"芹菜 半斤\",\"totalPrice\":0.04},{\"id\":2,\"haveStock\":true,\"count\":6,\"name\":\"梨花带雨 3个\",\"totalPrice\":0.06},{\"id\":1,\"name\":\"芹菜 半斤\",\"main_img_url\":\"http:\\/\\/lh.zerg.com\\/images\\/product-vg@1.png\",\"count\":4,\"totalPrice\":0.04,\"price\":\"0.01\",\"counts\":4},{\"id\":2,\"name\":\"梨花带雨 3个\",\"main_img_url\":\"http:\\/\\/lh.zerg.com\\/images\\/product-dryfruit@1.png\",\"count\":6,\"totalPrice\":0.06,\"price\":\"0.01\",\"counts\":6}]') [ RunTime:0.138008s ]
[ sql ] [ SQL ] SHOW COLUMNS FROM `order_product` [ RunTime:0.016001s ]
[ sql ] [ SQL ] INSERT INTO `order_product` (`product_id` , `count` , `order_id`) VALUES (1 , 4 , 8) [ RunTime:0.077004s ]
[ sql ] [ SQL ] INSERT INTO `order_product` (`product_id` , `count` , `order_id`) VALUES (2 , 6 , 8) [ RunTime:0.001000s ]

---------------------------------------------------------------
[ 2019-01-19T01:03:12+08:00 ] 127.0.0.1 127.0.0.1 POST /api/v1/order
[ log ] lh.zerg.com/api/v1/order [运行时间：0.789046s][吞吐率：1.27req/s] [内存消耗：3,184.83kb] [文件加载：61]
[ sql ] [ DB ] CONNECT:[ UseTime:0.018001s ] mysql:dbname=zerg;host=lh.zerg.com;port=3306;charset=utf8
[ sql ] [ SQL ] SHOW COLUMNS FROM `product` [ RunTime:0.019001s ]
[ sql ] [ SQL ] SELECT * FROM `product` WHERE  `id` IN (1,2) [ RunTime:0.002000s ]
[ sql ] [ SQL ] SHOW COLUMNS FROM `user_address` [ RunTime:0.021001s ]
[ sql ] [ SQL ] SELECT * FROM `user_address` WHERE  `user_id` = 1 LIMIT 1 [ RunTime:0.002000s ]
[ sql ] [ SQL ] SHOW COLUMNS FROM `order` [ RunTime:0.023001s ]
[ sql ] [ SQL ] INSERT INTO `order` (`user_id` , `order_no` , `total_price` , `total_count` , `snap_img` , `snap_name` , `snap_address` , `snap_items`) VALUES (1 , 'C119309917136598' , 0.1 , 10 , 'http://lh.zerg.com/images/product-vg@1.png' , '芹菜 半斤等' , '{\"name\":\"张三\",\"mobile\":\"18798118175\",\"province\":\"广东省\",\"city\":\"广州市\",\"country\":\"海珠区\",\"detail\":\"新港中路397号\",\"update_time\":\"1970-01-01 08:00:00\"}' , '[{\"id\":1,\"haveStock\":true,\"count\":4,\"name\":\"芹菜 半斤\",\"totalPrice\":0.04},{\"id\":2,\"haveStock\":true,\"count\":6,\"name\":\"梨花带雨 3个\",\"totalPrice\":0.06},{\"id\":1,\"name\":\"芹菜 半斤\",\"main_img_url\":\"http:\\/\\/lh.zerg.com\\/images\\/product-vg@1.png\",\"count\":4,\"totalPrice\":0.04,\"price\":\"0.01\",\"counts\":4},{\"id\":2,\"name\":\"梨花带雨 3个\",\"main_img_url\":\"http:\\/\\/lh.zerg.com\\/images\\/product-dryfruit@1.png\",\"count\":6,\"totalPrice\":0.06,\"price\":\"0.01\",\"counts\":6}]') [ RunTime:0.039003s ]
[ sql ] [ SQL ] SHOW COLUMNS FROM `order_product` [ RunTime:0.017001s ]
[ sql ] [ SQL ] INSERT INTO `order_product` (`product_id` , `count` , `order_id`) VALUES (1 , 4 , 9) [ RunTime:0.002000s ]
[ sql ] [ SQL ] INSERT INTO `order_product` (`product_id` , `count` , `order_id`) VALUES (2 , 6 , 9) [ RunTime:0.010000s ]

---------------------------------------------------------------
[ 2019-01-19T01:13:34+08:00 ] 127.0.0.1 127.0.0.1 POST /api/v1/order
[ log ] lh.zerg.com/api/v1/order [运行时间：1.389079s][吞吐率：0.72req/s] [内存消耗：3,185.45kb] [文件加载：61]
[ sql ] [ DB ] CONNECT:[ UseTime:0.047003s ] mysql:dbname=zerg;host=lh.zerg.com;port=3306;charset=utf8
[ sql ] [ SQL ] SHOW COLUMNS FROM `product` [ RunTime:0.018001s ]
[ sql ] [ SQL ] SELECT * FROM `product` WHERE  `id` IN (1,2) [ RunTime:0.003000s ]
[ sql ] [ SQL ] SHOW COLUMNS FROM `user_address` [ RunTime:0.027001s ]
[ sql ] [ SQL ] SELECT * FROM `user_address` WHERE  `user_id` = 1 LIMIT 1 [ RunTime:0.001000s ]
[ sql ] [ SQL ] SHOW COLUMNS FROM `order` [ RunTime:0.017001s ]
[ sql ] [ SQL ] INSERT INTO `order` (`user_id` , `order_no` , `total_price` , `total_count` , `snap_img` , `snap_name` , `snap_address` , `snap_items` , `update_time` , `create_time`) VALUES (1 , 'C119316137201446' , 0.1 , 10 , 'http://lh.zerg.com/images/product-vg@1.png' , '芹菜 半斤等' , '{\"name\":\"张三\",\"mobile\":\"18798118175\",\"province\":\"广东省\",\"city\":\"广州市\",\"country\":\"海珠区\",\"detail\":\"新港中路397号\",\"update_time\":\"1970-01-01 08:00:00\"}' , '[{\"id\":1,\"haveStock\":true,\"count\":4,\"name\":\"芹菜 半斤\",\"totalPrice\":0.04},{\"id\":2,\"haveStock\":true,\"count\":6,\"name\":\"梨花带雨 3个\",\"totalPrice\":0.06},{\"id\":1,\"name\":\"芹菜 半斤\",\"main_img_url\":\"http:\\/\\/lh.zerg.com\\/images\\/product-vg@1.png\",\"count\":4,\"totalPrice\":0.04,\"price\":\"0.01\",\"counts\":4},{\"id\":2,\"name\":\"梨花带雨 3个\",\"main_img_url\":\"http:\\/\\/lh.zerg.com\\/images\\/product-dryfruit@1.png\",\"count\":6,\"totalPrice\":0.06,\"price\":\"0.01\",\"counts\":6}]' , 1547831612 , 1547831612) [ RunTime:0.065004s ]
[ sql ] [ SQL ] SHOW COLUMNS FROM `order_product` [ RunTime:0.020001s ]
[ sql ] [ SQL ] INSERT INTO `order_product` (`product_id` , `count` , `order_id`) VALUES (1 , 4 , 10) [ RunTime:0.017001s ]
[ sql ] [ SQL ] INSERT INTO `order_product` (`product_id` , `count` , `order_id`) VALUES (2 , 6 , 10) [ RunTime:0.001000s ]

---------------------------------------------------------------
