[ 2018-12-06T18:00:02+08:00 ] 127.0.0.1 127.0.0.1 GET /banner/1
[ log ] lh.zerg.com/banner/1 [运行时间：1.910099s][吞吐率：0.52req/s] [内存消耗：1,387.25kb] [文件加载：33]
[ error ] [0]我是内部错误[F:\weblx\www\tp5project\zerg\application\api\controller\v1\Banner.php:29]
[ error ] 我是内部错误

---------------------------------------------------------------
[ 2018-12-06T18:04:00+08:00 ] 127.0.0.1 127.0.0.1 GET /banner/1
[ log ] lh.zerg.com/banner/1 [运行时间：0.882046s][吞吐率：1.13req/s] [内存消耗：1,387.26kb] [文件加载：33]
[ error ] [0]我是内部错误[F:\weblx\www\tp5project\zerg\application\api\controller\v1\Banner.php:29]
[ error ] 我是内部错误

---------------------------------------------------------------
[ 2018-12-06T18:18:19+08:00 ] [ error ] [0]我是内部错误
[ error ] 我是内部错误

---------------------------------------------------------------
[ 2018-12-06T18:29:30+08:00 ] [ error ] [0]id必须是正整数
[ error ] id必须是正整数

---------------------------------------------------------------
[ 2018-12-06T18:47:11+08:00 ] [ error ] [1]Class 'app\api\lib\exception\BaseException' not found
[ error ] Class 'app\api\lib\exception\BaseException' not found

---------------------------------------------------------------
[ 2018-12-06T18:48:02+08:00 ] [ error ] [1]Class 'app\api\lib\exception\BaseException' not found
[ error ] Class 'app\api\lib\exception\BaseException' not found

---------------------------------------------------------------
