[ 2018-12-09T01:47:06+08:00 ] 127.0.0.1 127.0.0.1 GET /api/v1/banner/1
[ log ] lh.zerg.com/api/v1/banner/1 [运行时间：0.884051s][吞吐率：1.13req/s] [内存消耗：2,663.58kb] [文件加载：44]
[ sql ] [ DB ] CONNECT:[ UseTime:0.004000s ] mysql:dbname=zerg;host=lh.zerg.com;port=3306;charset=utf8
[ sql ] [ SQL ] SHOW COLUMNS FROM `banner` [ RunTime:0.042003s ]
[ sql ] [ SQL ] SELECT * FROM `banner` WHERE  `id` = 1 LIMIT 1 [ RunTime:0.002000s ]
[ sql ] [ SQL ] SHOW COLUMNS FROM `banner_item` [ RunTime:0.016001s ]
[ sql ] [ SQL ] SELECT * FROM `banner_item` WHERE  `banner_id` = 1 [ RunTime:0.001000s ]
[ sql ] [ SQL ] SELECT * FROM `banner_item` WHERE  `banner_id` = 1 [ RunTime:0.005001s ]
[ sql ] [ SQL ] SHOW COLUMNS FROM `image` [ RunTime:0.022001s ]
[ sql ] [ SQL ] SELECT * FROM `image` WHERE  `id` IN (65,2,3,1) [ RunTime:0.001000s ]

---------------------------------------------------------------
[ 2018-12-09T01:53:00+08:00 ] 127.0.0.1 127.0.0.1 GET /api/v1/banner/1
[ log ] lh.zerg.com/api/v1/banner/1 [运行时间：0.662038s][吞吐率：1.51req/s] [内存消耗：2,663.60kb] [文件加载：44]
[ sql ] [ DB ] CONNECT:[ UseTime:0.032002s ] mysql:dbname=zerg;host=lh.zerg.com;port=3306;charset=utf8
[ sql ] [ SQL ] SHOW COLUMNS FROM `banner` [ RunTime:0.016001s ]
[ sql ] [ SQL ] SELECT * FROM `banner` WHERE  `id` = 1 LIMIT 1 [ RunTime:0.001000s ]
[ sql ] [ SQL ] SHOW COLUMNS FROM `banner_item` [ RunTime:0.020001s ]
[ sql ] [ SQL ] SELECT * FROM `banner_item` WHERE  `banner_id` = 1 [ RunTime:0.001000s ]
[ sql ] [ SQL ] SELECT * FROM `banner_item` WHERE  `banner_id` = 1 [ RunTime:0.001000s ]
[ sql ] [ SQL ] SHOW COLUMNS FROM `image` [ RunTime:0.016001s ]
[ sql ] [ SQL ] SELECT * FROM `image` WHERE  `id` IN (65,2,3,1) [ RunTime:0.001000s ]

---------------------------------------------------------------
[ 2018-12-09T01:58:46+08:00 ] 127.0.0.1 127.0.0.1 GET /api/v1/banner/1
[ log ] lh.zerg.com/api/v1/banner/1 [运行时间：0.651037s][吞吐率：1.54req/s] [内存消耗：2,663.52kb] [文件加载：44]
[ sql ] [ DB ] CONNECT:[ UseTime:0.012001s ] mysql:dbname=zerg;host=lh.zerg.com;port=3306;charset=utf8
[ sql ] [ SQL ] SHOW COLUMNS FROM `banner` [ RunTime:0.028001s ]
[ sql ] [ SQL ] SELECT * FROM `banner` WHERE  `id` = 1 LIMIT 1 [ RunTime:0.001000s ]
[ sql ] [ SQL ] SHOW COLUMNS FROM `banner_item` [ RunTime:0.017001s ]
[ sql ] [ SQL ] SELECT * FROM `banner_item` WHERE  `banner_id` = 1 [ RunTime:0.001000s ]
[ sql ] [ SQL ] SELECT * FROM `banner_item` WHERE  `banner_id` = 1 [ RunTime:0.002000s ]
[ sql ] [ SQL ] SHOW COLUMNS FROM `image` [ RunTime:0.020001s ]
[ sql ] [ SQL ] SELECT * FROM `image` WHERE  `id` IN (65,2,3,1) [ RunTime:0.001000s ]

---------------------------------------------------------------
[ 2018-12-09T02:00:16+08:00 ] 127.0.0.1 127.0.0.1 GET /api/v1/banner/1
[ log ] lh.zerg.com/api/v1/banner/1 [运行时间：0.877050s][吞吐率：1.14req/s] [内存消耗：2,663.82kb] [文件加载：44]
[ sql ] [ DB ] CONNECT:[ UseTime:0.207012s ] mysql:dbname=zerg;host=lh.zerg.com;port=3306;charset=utf8
[ sql ] [ SQL ] SHOW COLUMNS FROM `banner` [ RunTime:0.020001s ]
[ sql ] [ SQL ] SELECT * FROM `banner` WHERE  `id` = 1 LIMIT 1 [ RunTime:0.002000s ]
[ sql ] [ SQL ] SHOW COLUMNS FROM `banner_item` [ RunTime:0.023002s ]
[ sql ] [ SQL ] SELECT * FROM `banner_item` WHERE  `banner_id` = 1 [ RunTime:0.005000s ]
[ sql ] [ SQL ] SELECT * FROM `banner_item` WHERE  `banner_id` = 1 [ RunTime:0.026001s ]
[ sql ] [ SQL ] SHOW COLUMNS FROM `image` [ RunTime:0.019001s ]
[ sql ] [ SQL ] SELECT * FROM `image` WHERE  `id` IN (65,2,3,1) [ RunTime:0.001000s ]

---------------------------------------------------------------
[ 2018-12-09T02:02:07+08:00 ] 127.0.0.1 127.0.0.1 GET /api/v1/banner/1
[ log ] lh.zerg.com/api/v1/banner/1 [运行时间：0.714041s][吞吐率：1.40req/s] [内存消耗：2,664.14kb] [文件加载：44]
[ sql ] [ DB ] CONNECT:[ UseTime:0.003000s ] mysql:dbname=zerg;host=lh.zerg.com;port=3306;charset=utf8
[ sql ] [ SQL ] SHOW COLUMNS FROM `banner` [ RunTime:0.018001s ]
[ sql ] [ SQL ] SELECT * FROM `banner` WHERE  `id` = 1 LIMIT 1 [ RunTime:0.001000s ]
[ sql ] [ SQL ] SHOW COLUMNS FROM `banner_item` [ RunTime:0.015001s ]
[ sql ] [ SQL ] SELECT * FROM `banner_item` WHERE  `banner_id` = 1 [ RunTime:0.001000s ]
[ sql ] [ SQL ] SELECT * FROM `banner_item` WHERE  `banner_id` = 1 [ RunTime:0.001000s ]
[ sql ] [ SQL ] SHOW COLUMNS FROM `image` [ RunTime:0.020001s ]
[ sql ] [ SQL ] SELECT * FROM `image` WHERE  `id` IN (65,2,3,1) [ RunTime:0.001000s ]

---------------------------------------------------------------
[ 2018-12-09T02:06:11+08:00 ] 127.0.0.1 127.0.0.1 GET /api/v1/banner/1
[ log ] lh.zerg.com/api/v1/banner/1 [运行时间：0.783045s][吞吐率：1.28req/s] [内存消耗：2,664.25kb] [文件加载：44]
[ sql ] [ DB ] CONNECT:[ UseTime:0.017001s ] mysql:dbname=zerg;host=lh.zerg.com;port=3306;charset=utf8
[ sql ] [ SQL ] SHOW COLUMNS FROM `banner` [ RunTime:0.018001s ]
[ sql ] [ SQL ] SELECT * FROM `banner` WHERE  `id` = 1 LIMIT 1 [ RunTime:0.001000s ]
[ sql ] [ SQL ] SHOW COLUMNS FROM `banner_item` [ RunTime:0.030002s ]
[ sql ] [ SQL ] SELECT * FROM `banner_item` WHERE  `banner_id` = 1 [ RunTime:0.002000s ]
[ sql ] [ SQL ] SELECT * FROM `banner_item` WHERE  `banner_id` = 1 [ RunTime:0.002000s ]
[ sql ] [ SQL ] SHOW COLUMNS FROM `image` [ RunTime:0.026002s ]
[ sql ] [ SQL ] SELECT * FROM `image` WHERE  `id` IN (65,2,3,1) [ RunTime:0.002000s ]

---------------------------------------------------------------
[ 2018-12-09T02:09:04+08:00 ] 127.0.0.1 127.0.0.1 GET /api/v1/banner/1
[ log ] lh.zerg.com/api/v1/banner/1 [运行时间：1.016058s][吞吐率：0.98req/s] [内存消耗：2,664.45kb] [文件加载：44]
[ sql ] [ DB ] CONNECT:[ UseTime:0.045003s ] mysql:dbname=zerg;host=lh.zerg.com;port=3306;charset=utf8
[ sql ] [ SQL ] SHOW COLUMNS FROM `banner` [ RunTime:0.021001s ]
[ sql ] [ SQL ] SELECT * FROM `banner` WHERE  `id` = 1 LIMIT 1 [ RunTime:0.002000s ]
[ sql ] [ SQL ] SHOW COLUMNS FROM `banner_item` [ RunTime:0.049003s ]
[ sql ] [ SQL ] SELECT * FROM `banner_item` WHERE  `banner_id` = 1 [ RunTime:0.001000s ]
[ sql ] [ SQL ] SELECT * FROM `banner_item` WHERE  `banner_id` = 1 [ RunTime:0.027002s ]
[ sql ] [ SQL ] SHOW COLUMNS FROM `image` [ RunTime:0.076004s ]
[ sql ] [ SQL ] SELECT * FROM `image` WHERE  `id` IN (65,2,3,1) [ RunTime:0.002001s ]

---------------------------------------------------------------
[ 2018-12-09T02:09:58+08:00 ] 127.0.0.1 127.0.0.1 GET /api/v1/banner/1
[ log ] lh.zerg.com/api/v1/banner/1 [运行时间：0.815046s][吞吐率：1.23req/s] [内存消耗：2,664.53kb] [文件加载：44]
[ sql ] [ DB ] CONNECT:[ UseTime:0.141008s ] mysql:dbname=zerg;host=lh.zerg.com;port=3306;charset=utf8
[ sql ] [ SQL ] SHOW COLUMNS FROM `banner` [ RunTime:0.028002s ]
[ sql ] [ SQL ] SELECT * FROM `banner` WHERE  `id` = 1 LIMIT 1 [ RunTime:0.001000s ]
[ sql ] [ SQL ] SHOW COLUMNS FROM `banner_item` [ RunTime:0.015001s ]
[ sql ] [ SQL ] SELECT * FROM `banner_item` WHERE  `banner_id` = 1 [ RunTime:0.001000s ]
[ sql ] [ SQL ] SELECT * FROM `banner_item` WHERE  `banner_id` = 1 [ RunTime:0.001000s ]
[ sql ] [ SQL ] SHOW COLUMNS FROM `image` [ RunTime:0.028001s ]
[ sql ] [ SQL ] SELECT * FROM `image` WHERE  `id` IN (65,2,3,1) [ RunTime:0.002000s ]

---------------------------------------------------------------
[ 2018-12-09T02:11:42+08:00 ] 127.0.0.1 127.0.0.1 GET /api/v1/banner/1
[ log ] lh.zerg.com/api/v1/banner/1 [运行时间：1.404080s][吞吐率：0.71req/s] [内存消耗：2,664.60kb] [文件加载：44]
[ sql ] [ DB ] CONNECT:[ UseTime:0.093006s ] mysql:dbname=zerg;host=lh.zerg.com;port=3306;charset=utf8
[ sql ] [ SQL ] SHOW COLUMNS FROM `banner` [ RunTime:0.084005s ]
[ sql ] [ SQL ] SELECT * FROM `banner` WHERE  `id` = 1 LIMIT 1 [ RunTime:0.021001s ]
[ sql ] [ SQL ] SHOW COLUMNS FROM `banner_item` [ RunTime:0.058003s ]
[ sql ] [ SQL ] SELECT * FROM `banner_item` WHERE  `banner_id` = 1 [ RunTime:0.002000s ]
[ sql ] [ SQL ] SELECT * FROM `banner_item` WHERE  `banner_id` = 1 [ RunTime:0.015001s ]
[ sql ] [ SQL ] SHOW COLUMNS FROM `image` [ RunTime:0.415024s ]
[ sql ] [ SQL ] SELECT * FROM `image` WHERE  `id` IN (65,2,3,1) [ RunTime:0.013001s ]

---------------------------------------------------------------
[ 2018-12-09T02:29:53+08:00 ] 127.0.0.1 127.0.0.1 GET /api/v1/banner/1
[ log ] lh.zerg.com/api/v1/banner/1 [运行时间：0.787045s][吞吐率：1.27req/s] [内存消耗：2,665.65kb] [文件加载：45]
[ sql ] [ DB ] CONNECT:[ UseTime:0.003000s ] mysql:dbname=zerg;host=lh.zerg.com;port=3306;charset=utf8
[ sql ] [ SQL ] SHOW COLUMNS FROM `banner` [ RunTime:0.075004s ]
[ sql ] [ SQL ] SELECT * FROM `banner` WHERE  `id` = 1 LIMIT 1 [ RunTime:0.016001s ]
[ sql ] [ SQL ] SHOW COLUMNS FROM `banner_item` [ RunTime:0.018001s ]
[ sql ] [ SQL ] SELECT * FROM `banner_item` WHERE  `banner_id` = 1 [ RunTime:0.001000s ]
[ sql ] [ SQL ] SELECT * FROM `banner_item` WHERE  `banner_id` = 1 [ RunTime:0.001000s ]
[ sql ] [ SQL ] SHOW COLUMNS FROM `image` [ RunTime:0.018001s ]
[ sql ] [ SQL ] SELECT * FROM `image` WHERE  `id` IN (65,2,3,1) [ RunTime:0.003000s ]

---------------------------------------------------------------
[ 2018-12-09T03:04:52+08:00 ] 127.0.0.1 127.0.0.1 GET /api/v1/banner/1
[ log ] lh.zerg.com/api/v1/banner/1 [运行时间：0.941053s][吞吐率：1.06req/s] [内存消耗：2,689.96kb] [文件加载：46]
[ sql ] [ DB ] CONNECT:[ UseTime:0.132007s ] mysql:dbname=zerg;host=lh.zerg.com;port=3306;charset=utf8
[ sql ] [ SQL ] SHOW COLUMNS FROM `banner` [ RunTime:0.049002s ]
[ sql ] [ SQL ] SELECT * FROM `banner` WHERE  `id` = 1 LIMIT 1 [ RunTime:0.001001s ]
[ sql ] [ SQL ] SHOW COLUMNS FROM `banner_item` [ RunTime:0.018001s ]
[ sql ] [ SQL ] SELECT * FROM `banner_item` WHERE  `banner_id` = 1 [ RunTime:0.002000s ]
[ sql ] [ SQL ] SELECT * FROM `banner_item` WHERE  `banner_id` = 1 [ RunTime:0.002000s ]
[ sql ] [ SQL ] SHOW COLUMNS FROM `image` [ RunTime:0.018001s ]
[ sql ] [ SQL ] SELECT * FROM `image` WHERE  `id` IN (65,2,3,1) [ RunTime:0.002001s ]

---------------------------------------------------------------
[ 2018-12-09T03:19:24+08:00 ] 127.0.0.1 127.0.0.1 GET /api/v1/banner/1
[ log ] lh.zerg.com/api/v1/banner/1 [运行时间：0.645037s][吞吐率：1.55req/s] [内存消耗：2,690.88kb] [文件加载：46]
[ sql ] [ DB ] CONNECT:[ UseTime:0.003000s ] mysql:dbname=zerg;host=lh.zerg.com;port=3306;charset=utf8
[ sql ] [ SQL ] SHOW COLUMNS FROM `banner` [ RunTime:0.017001s ]
[ sql ] [ SQL ] SELECT * FROM `banner` WHERE  `id` = 1 LIMIT 1 [ RunTime:0.002000s ]
[ sql ] [ SQL ] SHOW COLUMNS FROM `banner_item` [ RunTime:0.017000s ]
[ sql ] [ SQL ] SELECT * FROM `banner_item` WHERE  `banner_id` = 1 [ RunTime:0.002000s ]
[ sql ] [ SQL ] SELECT * FROM `banner_item` WHERE  `banner_id` = 1 [ RunTime:0.002001s ]
[ sql ] [ SQL ] SHOW COLUMNS FROM `image` [ RunTime:0.017001s ]
[ sql ] [ SQL ] SELECT * FROM `image` WHERE  `id` IN (65,2,3,1) [ RunTime:0.001000s ]

---------------------------------------------------------------
[ 2018-12-09T03:36:36+08:00 ] 127.0.0.1 127.0.0.1 GET /api/v1/banner/1
[ log ] lh.zerg.com/api/v1/banner/1 [运行时间：0.719041s][吞吐率：1.39req/s] [内存消耗：2,691.38kb] [文件加载：46]
[ sql ] [ DB ] CONNECT:[ UseTime:0.014000s ] mysql:dbname=zerg;host=lh.zerg.com;port=3306;charset=utf8
[ sql ] [ SQL ] SHOW COLUMNS FROM `banner` [ RunTime:0.066004s ]
[ sql ] [ SQL ] SELECT * FROM `banner` WHERE  `id` = 1 LIMIT 1 [ RunTime:0.002000s ]
[ sql ] [ SQL ] SHOW COLUMNS FROM `banner_item` [ RunTime:0.030001s ]
[ sql ] [ SQL ] SELECT * FROM `banner_item` WHERE  `banner_id` = 1 [ RunTime:0.003000s ]
[ sql ] [ SQL ] SELECT * FROM `banner_item` WHERE  `banner_id` = 1 [ RunTime:0.005001s ]
[ sql ] [ SQL ] SHOW COLUMNS FROM `image` [ RunTime:0.019001s ]
[ sql ] [ SQL ] SELECT * FROM `image` WHERE  `id` IN (65,2,3,1) [ RunTime:0.002000s ]

---------------------------------------------------------------
[ 2018-12-09T03:45:01+08:00 ] 127.0.0.1 127.0.0.1 GET /api/v1/banner/1
[ log ] lh.zerg.com/api/v1/banner/1 [运行时间：0.702041s][吞吐率：1.42req/s] [内存消耗：2,691.84kb] [文件加载：46]
[ sql ] [ DB ] CONNECT:[ UseTime:0.003000s ] mysql:dbname=zerg;host=lh.zerg.com;port=3306;charset=utf8
[ sql ] [ SQL ] SHOW COLUMNS FROM `banner` [ RunTime:0.025001s ]
[ sql ] [ SQL ] SELECT * FROM `banner` WHERE  `id` = 1 LIMIT 1 [ RunTime:0.001000s ]
[ sql ] [ SQL ] SHOW COLUMNS FROM `banner_item` [ RunTime:0.016001s ]
[ sql ] [ SQL ] SELECT * FROM `banner_item` WHERE  `banner_id` = 1 [ RunTime:0.002000s ]
[ sql ] [ SQL ] SELECT * FROM `banner_item` WHERE  `banner_id` = 1 [ RunTime:0.001000s ]
[ sql ] [ SQL ] SHOW COLUMNS FROM `image` [ RunTime:0.020001s ]
[ sql ] [ SQL ] SELECT * FROM `image` WHERE  `id` IN (65,2,3,1) [ RunTime:0.015001s ]

---------------------------------------------------------------
[ 2018-12-09T03:47:30+08:00 ] 127.0.0.1 127.0.0.1 GET /api/v2/banner/1
[ log ] lh.zerg.com/api/v2/banner/1 [运行时间：0.477027s][吞吐率：2.10req/s] [内存消耗：1,113.59kb] [文件加载：27]

---------------------------------------------------------------
[ 2018-12-09T03:52:28+08:00 ] 127.0.0.1 127.0.0.1 GET /api/v2/banner/1
[ log ] lh.zerg.com/api/v2/banner/1 [运行时间：0.485027s][吞吐率：2.06req/s] [内存消耗：1,113.61kb] [文件加载：27]

---------------------------------------------------------------
