[ 2018-12-21T21:56:44+08:00 ] 127.0.0.1 127.0.0.1 GET /api/v1/banner/1
[ log ] lh.zerg.com/api/v1/banner/1 [运行时间：2.593148s][吞吐率：0.39req/s] [内存消耗：2,782.68kb] [文件加载：51]
[ sql ] [ DB ] CONNECT:[ UseTime:0.737042s ] mysql:dbname=zerg;host=lh.zerg.com;port=3306;charset=utf8
[ sql ] [ SQL ] SHOW COLUMNS FROM `banner` [ RunTime:0.347020s ]
[ sql ] [ SQL ] SELECT * FROM `banner` WHERE  `id` = 1 LIMIT 1 [ RunTime:0.016001s ]
[ sql ] [ SQL ] SHOW COLUMNS FROM `banner_item` [ RunTime:0.182011s ]
[ sql ] [ SQL ] SELECT * FROM `banner_item` WHERE  `banner_id` = 1 [ RunTime:0.001000s ]
[ sql ] [ SQL ] SELECT * FROM `banner_item` WHERE  `banner_id` = 1 [ RunTime:0.001000s ]
[ sql ] [ SQL ] SHOW COLUMNS FROM `image` [ RunTime:0.059004s ]
[ sql ] [ SQL ] SELECT * FROM `image` WHERE  `id` IN (65,2,3,1) [ RunTime:0.002000s ]

---------------------------------------------------------------
[ 2018-12-21T23:10:04+08:00 ] 127.0.0.1 127.0.0.1 GET /api/v1/banner/1
[ log ] lh.zerg.com/api/v1/banner/1 [运行时间：1.645094s][吞吐率：0.61req/s] [内存消耗：2,782.69kb] [文件加载：51]
[ sql ] [ DB ] CONNECT:[ UseTime:0.052003s ] mysql:dbname=zerg;host=lh.zerg.com;port=3306;charset=utf8
[ sql ] [ SQL ] SHOW COLUMNS FROM `banner` [ RunTime:0.047003s ]
[ sql ] [ SQL ] SELECT * FROM `banner` WHERE  `id` = 1 LIMIT 1 [ RunTime:0.001000s ]
[ sql ] [ SQL ] SHOW COLUMNS FROM `banner_item` [ RunTime:0.042003s ]
[ sql ] [ SQL ] SELECT * FROM `banner_item` WHERE  `banner_id` = 1 [ RunTime:0.002000s ]
[ sql ] [ SQL ] SELECT * FROM `banner_item` WHERE  `banner_id` = 1 [ RunTime:0.001000s ]
[ sql ] [ SQL ] SHOW COLUMNS FROM `image` [ RunTime:0.032001s ]
[ sql ] [ SQL ] SELECT * FROM `image` WHERE  `id` IN (65,2,3,1) [ RunTime:0.001000s ]

---------------------------------------------------------------
[ 2018-12-21T23:21:34+08:00 ] 127.0.0.1 127.0.0.1 GET /api/v1/banner/1
[ log ] lh.zerg.com/api/v1/banner/1 [运行时间：0.962055s][吞吐率：1.04req/s] [内存消耗：2,782.75kb] [文件加载：51]
[ sql ] [ DB ] CONNECT:[ UseTime:0.016001s ] mysql:dbname=zerg;host=lh.zerg.com;port=3306;charset=utf8
[ sql ] [ SQL ] SHOW COLUMNS FROM `banner` [ RunTime:0.039002s ]
[ sql ] [ SQL ] SELECT * FROM `banner` WHERE  `id` = 1 LIMIT 1 [ RunTime:0.002000s ]
[ sql ] [ SQL ] SHOW COLUMNS FROM `banner_item` [ RunTime:0.046003s ]
[ sql ] [ SQL ] SELECT * FROM `banner_item` WHERE  `banner_id` = 1 [ RunTime:0.002000s ]
[ sql ] [ SQL ] SELECT * FROM `banner_item` WHERE  `banner_id` = 1 [ RunTime:0.001000s ]
[ sql ] [ SQL ] SHOW COLUMNS FROM `image` [ RunTime:0.050003s ]
[ sql ] [ SQL ] SELECT * FROM `image` WHERE  `id` IN (65,2,3,1) [ RunTime:0.002000s ]

---------------------------------------------------------------
[ 2018-12-21T23:25:32+08:00 ] 127.0.0.1 127.0.0.1 GET /api/v1/banner/1
[ log ] lh.zerg.com/api/v1/banner/1 [运行时间：0.833047s][吞吐率：1.20req/s] [内存消耗：2,782.75kb] [文件加载：51]
[ sql ] [ DB ] CONNECT:[ UseTime:0.009000s ] mysql:dbname=zerg;host=lh.zerg.com;port=3306;charset=utf8
[ sql ] [ SQL ] SHOW COLUMNS FROM `banner` [ RunTime:0.041002s ]
[ sql ] [ SQL ] SELECT * FROM `banner` WHERE  `id` = 1 LIMIT 1 [ RunTime:0.002000s ]
[ sql ] [ SQL ] SHOW COLUMNS FROM `banner_item` [ RunTime:0.032002s ]
[ sql ] [ SQL ] SELECT * FROM `banner_item` WHERE  `banner_id` = 1 [ RunTime:0.001000s ]
[ sql ] [ SQL ] SELECT * FROM `banner_item` WHERE  `banner_id` = 1 [ RunTime:0.001000s ]
[ sql ] [ SQL ] SHOW COLUMNS FROM `image` [ RunTime:0.035002s ]
[ sql ] [ SQL ] SELECT * FROM `image` WHERE  `id` IN (65,2,3,1) [ RunTime:0.002000s ]

---------------------------------------------------------------
[ 2018-12-21T23:26:50+08:00 ] 127.0.0.1 127.0.0.1 GET /api/v1/banner/1
[ log ] lh.zerg.com/api/v1/banner/1 [运行时间：0.913053s][吞吐率：1.10req/s] [内存消耗：2,782.75kb] [文件加载：51]
[ sql ] [ DB ] CONNECT:[ UseTime:0.096005s ] mysql:dbname=zerg;host=lh.zerg.com;port=3306;charset=utf8
[ sql ] [ SQL ] SHOW COLUMNS FROM `banner` [ RunTime:0.059004s ]
[ sql ] [ SQL ] SELECT * FROM `banner` WHERE  `id` = 1 LIMIT 1 [ RunTime:0.001000s ]
[ sql ] [ SQL ] SHOW COLUMNS FROM `banner_item` [ RunTime:0.054003s ]
[ sql ] [ SQL ] SELECT * FROM `banner_item` WHERE  `banner_id` = 1 [ RunTime:0.001000s ]
[ sql ] [ SQL ] SELECT * FROM `banner_item` WHERE  `banner_id` = 1 [ RunTime:0.001000s ]
[ sql ] [ SQL ] SHOW COLUMNS FROM `image` [ RunTime:0.060003s ]
[ sql ] [ SQL ] SELECT * FROM `image` WHERE  `id` IN (65,2,3,1) [ RunTime:0.001001s ]

---------------------------------------------------------------
[ 2018-12-21T23:29:09+08:00 ] 127.0.0.1 127.0.0.1 GET /api/v1/banner/1
[ log ] lh.zerg.com/api/v1/banner/1 [运行时间：0.778044s][吞吐率：1.29req/s] [内存消耗：2,782.75kb] [文件加载：51]
[ sql ] [ DB ] CONNECT:[ UseTime:0.003001s ] mysql:dbname=zerg;host=lh.zerg.com;port=3306;charset=utf8
[ sql ] [ SQL ] SHOW COLUMNS FROM `banner` [ RunTime:0.037002s ]
[ sql ] [ SQL ] SELECT * FROM `banner` WHERE  `id` = 1 LIMIT 1 [ RunTime:0.001000s ]
[ sql ] [ SQL ] SHOW COLUMNS FROM `banner_item` [ RunTime:0.033002s ]
[ sql ] [ SQL ] SELECT * FROM `banner_item` WHERE  `banner_id` = 1 [ RunTime:0.001000s ]
[ sql ] [ SQL ] SELECT * FROM `banner_item` WHERE  `banner_id` = 1 [ RunTime:0.002000s ]
[ sql ] [ SQL ] SHOW COLUMNS FROM `image` [ RunTime:0.035002s ]
[ sql ] [ SQL ] SELECT * FROM `image` WHERE  `id` IN (65,2,3,1) [ RunTime:0.002000s ]

---------------------------------------------------------------
[ 2018-12-21T23:48:55+08:00 ] 127.0.0.1 127.0.0.1 GET /api/v1/banner/1
[ log ] lh.zerg.com/api/v1/banner/1 [运行时间：1.170067s][吞吐率：0.85req/s] [内存消耗：2,782.75kb] [文件加载：51]
[ sql ] [ DB ] CONNECT:[ UseTime:0.006001s ] mysql:dbname=zerg;host=lh.zerg.com;port=3306;charset=utf8
[ sql ] [ SQL ] SHOW COLUMNS FROM `banner` [ RunTime:0.058003s ]
[ sql ] [ SQL ] SELECT * FROM `banner` WHERE  `id` = 1 LIMIT 1 [ RunTime:0.002000s ]
[ sql ] [ SQL ] SHOW COLUMNS FROM `banner_item` [ RunTime:0.035002s ]
[ sql ] [ SQL ] SELECT * FROM `banner_item` WHERE  `banner_id` = 1 [ RunTime:0.001000s ]
[ sql ] [ SQL ] SELECT * FROM `banner_item` WHERE  `banner_id` = 1 [ RunTime:0.001000s ]
[ sql ] [ SQL ] SHOW COLUMNS FROM `image` [ RunTime:0.033002s ]
[ sql ] [ SQL ] SELECT * FROM `image` WHERE  `id` IN (65,2,3,1) [ RunTime:0.001001s ]

---------------------------------------------------------------
[ 2018-12-21T23:50:15+08:00 ] 127.0.0.1 127.0.0.1 GET /api/v1/banner/1
[ log ] lh.zerg.com/api/v1/banner/1 [运行时间：0.780045s][吞吐率：1.28req/s] [内存消耗：2,782.75kb] [文件加载：51]
[ sql ] [ DB ] CONNECT:[ UseTime:0.069004s ] mysql:dbname=zerg;host=lh.zerg.com;port=3306;charset=utf8
[ sql ] [ SQL ] SHOW COLUMNS FROM `banner` [ RunTime:0.033001s ]
[ sql ] [ SQL ] SELECT * FROM `banner` WHERE  `id` = 1 LIMIT 1 [ RunTime:0.002000s ]
[ sql ] [ SQL ] SHOW COLUMNS FROM `banner_item` [ RunTime:0.043002s ]
[ sql ] [ SQL ] SELECT * FROM `banner_item` WHERE  `banner_id` = 1 [ RunTime:0.002000s ]
[ sql ] [ SQL ] SELECT * FROM `banner_item` WHERE  `banner_id` = 1 [ RunTime:0.002000s ]
[ sql ] [ SQL ] SHOW COLUMNS FROM `image` [ RunTime:0.039002s ]
[ sql ] [ SQL ] SELECT * FROM `image` WHERE  `id` IN (65,2,3,1) [ RunTime:0.001000s ]

---------------------------------------------------------------
[ 2018-12-21T23:57:04+08:00 ] 127.0.0.1 127.0.0.1 GET /api/v1/banner/1
[ log ] lh.zerg.com/api/v1/banner/1 [运行时间：0.969056s][吞吐率：1.03req/s] [内存消耗：2,782.75kb] [文件加载：51]
[ sql ] [ DB ] CONNECT:[ UseTime:0.004000s ] mysql:dbname=zerg;host=lh.zerg.com;port=3306;charset=utf8
[ sql ] [ SQL ] SHOW COLUMNS FROM `banner` [ RunTime:0.035002s ]
[ sql ] [ SQL ] SELECT * FROM `banner` WHERE  `id` = 1 LIMIT 1 [ RunTime:0.003000s ]
[ sql ] [ SQL ] SHOW COLUMNS FROM `banner_item` [ RunTime:0.032002s ]
[ sql ] [ SQL ] SELECT * FROM `banner_item` WHERE  `banner_id` = 1 [ RunTime:0.013000s ]
[ sql ] [ SQL ] SELECT * FROM `banner_item` WHERE  `banner_id` = 1 [ RunTime:0.002000s ]
[ sql ] [ SQL ] SHOW COLUMNS FROM `image` [ RunTime:0.041002s ]
[ sql ] [ SQL ] SELECT * FROM `image` WHERE  `id` IN (65,2,3,1) [ RunTime:0.002001s ]

---------------------------------------------------------------
[ 2018-12-21T23:59:35+08:00 ] 127.0.0.1 127.0.0.1 GET /api/v1/banner/1
[ log ] lh.zerg.com/api/v1/banner/1 [运行时间：1.100063s][吞吐率：0.91req/s] [内存消耗：2,782.75kb] [文件加载：51]
[ sql ] [ DB ] CONNECT:[ UseTime:0.014001s ] mysql:dbname=zerg;host=lh.zerg.com;port=3306;charset=utf8
[ sql ] [ SQL ] SHOW COLUMNS FROM `banner` [ RunTime:0.037002s ]
[ sql ] [ SQL ] SELECT * FROM `banner` WHERE  `id` = 1 LIMIT 1 [ RunTime:0.002000s ]
[ sql ] [ SQL ] SHOW COLUMNS FROM `banner_item` [ RunTime:0.043002s ]
[ sql ] [ SQL ] SELECT * FROM `banner_item` WHERE  `banner_id` = 1 [ RunTime:0.001000s ]
[ sql ] [ SQL ] SELECT * FROM `banner_item` WHERE  `banner_id` = 1 [ RunTime:0.002000s ]
[ sql ] [ SQL ] SHOW COLUMNS FROM `image` [ RunTime:0.037002s ]
[ sql ] [ SQL ] SELECT * FROM `image` WHERE  `id` IN (65,2,3,1) [ RunTime:0.001000s ]

---------------------------------------------------------------
